明日	名詞,一般,*,*,*,*,*,*,*,Wikipedia	0.0198055455527548
今日	名詞,一般,*,*,*,*,*,*,*,Wikipedia	0.0111631256751891
ちょっと	名詞,一般,*,*,*,*,*,*,*,Wikipedia	0.0104429240187252
時間	名詞,一般,*,*,*,*,*,*,*,Wikipedia	0.00864241987756572
たい	名詞,一般,*,*,*,*,*,*,*,Wikipedia	0.00792221822110191
こと	名詞,非自立,一般,*,*,*,こと,コト,コト	0.00792221822110191
帰宅	名詞,一般,*,*,*,*,*,*,*,Wikipedia	0.00756211739287
いい	形容詞,自立,*,*,形容詞・イイ,基本形,いい,イイ,イイ	0.0072020165646381
ない	形容詞,自立,*,*,形容詞・アウオ段,基本形,ない,ナイ,ナイ	0.0072020165646381
これ	名詞,代名詞,一般,*,*,*,これ,コレ,コレ	0.00684191573640619
そう	名詞,接尾,助動詞語幹,*,*,*,そう,ソウ,ソー	0.00648181490817429
ご飯	名詞,一般,*,*,*,*,*,*,*,Wikipedia	0.00612171407994238
それ	名詞,代名詞,一般,*,*,*,それ,ソレ,ソレ	0.00540151242347857
いの	名詞,一般,*,*,*,*,*,*,*,Wikipedia	0.00468131076701476
さん	名詞,接尾,人名,*,*,*,さん,サン,サン	0.00468131076701476
あと	名詞,一般,*,*,*,*,あと,アト,アト	0.00432120993878286
いと	名詞,一般,*,*,*,*,*,*,*,Wikipedia	0.00432120993878286
寝る	名詞,一般,*,*,*,*,*,*,*,Wikipedia	0.00396110911055095
休み	名詞,一般,*,*,*,*,*,*,*,Wikipedia	0.00396110911055095
見て	名詞,一般,*,*,*,*,*,*,*,Wikipedia	0.00396110911055095
(・∀・)	名詞,一般,*,*,*,*,*,*,*,Wikipedia	0.00396110911055095
行く	名詞,一般,*,*,*,*,*,*,*,Wikipedia	0.00396110911055095
よう	名詞,非自立,助動詞語幹,*,*,*,よう,ヨウ,ヨー	0.00360100828231905
なら	名詞,一般,*,*,*,*,*,*,*,Wikipedia	0.00360100828231905
録画	名詞,一般,*,*,*,*,*,*,*,Wikipedia	0.00360100828231905
楽しかっ	形容詞,自立,*,*,形容詞・イ段,連用タ接続,楽しい,タノシカッ,タノシカッ	0.00360100828231905
いろ	名詞,一般,*,*,*,*,*,*,*,Wikipedia	0.00360100828231905
予定	名詞,一般,*,*,*,*,*,*,*,Wikipedia	0.00324090745408714
うま	名詞,一般,*,*,*,*,*,*,*,Wikipedia	0.00324090745408714
しい	名詞,一般,*,*,*,*,*,*,*,Wikipedia	0.00324090745408714
沖縄	名詞,一般,*,*,*,*,*,*,*,Wikipedia	0.00324090745408714
感じ	名詞,一般,*,*,*,*,感じ,カンジ,カンジ	0.00288080662585524
良かっ	形容詞,自立,*,*,形容詞・アウオ段,連用タ接続,良い,ヨカッ,ヨカッ	0.00288080662585524
良い	形容詞,自立,*,*,形容詞・アウオ段,基本形,良い,ヨイ,ヨイ	0.00288080662585524
早く	形容詞,自立,*,*,形容詞・アウオ段,連用テ接続,早い,ハヤク,ハヤク	0.00288080662585524
疲れ	名詞,一般,*,*,*,*,*,*,*,Wikipedia	0.00288080662585524
よし	名詞,一般,*,*,*,*,*,*,*,Wikipedia	0.00288080662585524
ぶり	名詞,一般,*,*,*,*,*,*,*,Wikipedia	0.00288080662585524
あれ	名詞,一般,*,*,*,*,*,*,*,Wikipedia	0.00288080662585524
最近	名詞,一般,*,*,*,*,*,*,*,Wikipedia	0.00288080662585524
自分	名詞,一般,*,*,*,*,*,*,*,Wikipedia	0.00288080662585524
ｲｲﾈ	名詞,一般,*,*,*,*,*	0.00252070579762333
荷物	名詞,一般,*,*,*,*,*,*,*,Wikipedia	0.00252070579762333
ぐぬぬ	名詞,一般,*,*,*,*,*	0.00252070579762333
面白い	形容詞,自立,*,*,形容詞・アウオ段,基本形,面白い,オモシロイ,オモシロイ	0.00252070579762333
ここ	名詞,一般,*,*,*,*,*,*,*,Wikipedia	0.00252070579762333
久し	形容詞,自立,*,*,形容詞・イ段,ガル接続,久しい,ヒサシ,ヒサシ	0.00252070579762333
準備	名詞,サ変接続,*,*,*,*,準備,ジュンビ,ジュンビ	0.00252070579762333
アニメ	名詞,一般,*,*,*,*,*,*,*,Wikipedia	0.00252070579762333
ホテル	名詞,一般,*,*,*,*,*,*,*,Wikipedia	0.00252070579762333
なん	名詞,代名詞,一般,*,*,*,なん,ナン,ナン	0.00216060496939143
作業	名詞,一般,*,*,*,*,*,*,*,Wikipedia	0.00216060496939143
最後	名詞,一般,*,*,*,*,最後,サイゴ,サイゴ	0.00216060496939143
こう	名詞,一般,*,*,*,*,*,*,*,Wikipedia	0.00216060496939143
展開	名詞,一般,*,*,*,*,*,*,*,Wikipedia	0.00216060496939143
意味	名詞,一般,*,*,*,*,*,*,*,Wikipedia	0.00216060496939143
だし	名詞,一般,*,*,*,*,*,*,*,Wikipedia	0.00216060496939143
なに	名詞,代名詞,一般,*,*,*,なに,ナニ,ナニ	0.00216060496939143
洗濯	名詞,一般,*,*,*,*,*,*,*,Wikipedia	0.00216060496939143
ころ	名詞,一般,*,*,*,*,*,*,*,Wikipedia	0.00216060496939143
毎日	名詞,一般,*,*,*,*,*,*,*,Wikipedia	0.00216060496939143
とく	名詞,一般,*,*,*,*,*,*,*,Wikipedia	0.00216060496939143
後輩	名詞,一般,*,*,*,*,*,*,*,Wikipedia	0.00216060496939143
たん	名詞,一般,*,*,*,*,*,*,*,Wikipedia	0.00216060496939143
風呂	名詞,一般,*,*,*,*,*,*,*,Wikipedia	0.00216060496939143
電車	名詞,一般,*,*,*,*,*,*,*,Wikipedia	0.00216060496939143
新宿	名詞,一般,*,*,*,*,*,*,*,Wikipedia	0.00216060496939143
とい	名詞,一般,*,*,*,*,*,*,*,Wikipedia	0.00216060496939143
研修	名詞,一般,*,*,*,*,*,*,*,Wikipedia	0.00216060496939143
同期	名詞,一般,*,*,*,*,*,*,*,Wikipedia	0.00216060496939143
いいな	名詞,一般,*,*,*,*,*,*,*,Wikipedia	0.00216060496939143
連絡	名詞,サ変接続,*,*,*,*,連絡,レンラク,レンラク	0.00216060496939143
今度	名詞,副詞可能,*,*,*,*,今度,コンド,コンド	0.00180050414115952
途中	名詞,一般,*,*,*,*,*,*,*,Wikipedia	0.00180050414115952
部屋	名詞,一般,*,*,*,*,*,*,*,Wikipedia	0.00180050414115952
やつ	名詞,代名詞,一般,*,*,*,やつ,ヤツ,ヤツ	0.00180050414115952
辛い	名詞,一般,*,*,*,*,*,*,*,Wikipedia	0.00180050414115952
タイム	名詞,一般,*,*,*,*,*,*,*,Wikipedia	0.00180050414115952
お腹	名詞,一般,*,*,*,*,お腹,オナカ,オナカ	0.00180050414115952
おかげ	名詞,一般,*,*,*,*,おかげ,オカゲ,オカゲ	0.00180050414115952
いか	名詞,一般,*,*,*,*,*,*,*,Wikipedia	0.00180050414115952
また	名詞,一般,*,*,*,*,*,*,*,Wikipedia	0.00180050414115952
ながら	名詞,一般,*,*,*,*,*,*,*,Wikipedia	0.00180050414115952
怖い	形容詞,自立,*,*,形容詞・アウオ段,基本形,怖い,コワイ,コワイ	0.00180050414115952
すごく	形容詞,自立,*,*,形容詞・アウオ段,連用テ接続,すごい,スゴク,スゴク	0.00180050414115952
すね	名詞,一般,*,*,*,*,*,*,*,Wikipedia	0.00180050414115952
たこ	名詞,一般,*,*,*,*,*,*,*,Wikipedia	0.00180050414115952
からん	名詞,一般,*,*,*,*,*,*,*,Wikipedia	0.00180050414115952
アイチ	名詞,一般,*,*,*,*,*,*,*,Wikipedia	0.00180050414115952
天気	名詞,一般,*,*,*,*,*,*,*,Wikipedia	0.00180050414115952
もの	名詞,一般,*,*,*,*,*,*,*,Wikipedia	0.00180050414115952
おけ	名詞,一般,*,*,*,*,*,*,*,Wikipedia	0.00180050414115952
高い	名詞,一般,*,*,*,*,*,*,*,Wikipedia	0.00180050414115952
早め	名詞,一般,*,*,*,*,早め,ハヤメ,ハヤメ	0.00180050414115952
友達	名詞,一般,*,*,*,*,*,*,*,Wikipedia	0.00180050414115952
眠い	形容詞,自立,*,*,形容詞・アウオ段,基本形,眠い,ネムイ,ネムイ	0.00180050414115952
かかる	名詞,一般,*,*,*,*,*,*,*,Wikipedia	0.00180050414115952
冷蔵庫	名詞,一般,*,*,*,*,*,*,*,Wikipedia	0.00180050414115952
飛行機	名詞,一般,*,*,*,*,*,*,*,Wikipedia	0.00180050414115952
みる	名詞,一般,*,*,*,*,*,*,*,Wikipedia	0.00180050414115952
大丈夫	名詞,一般,*,*,*,*,*,*,*,Wikipedia	0.00180050414115952
テレビ	名詞,一般,*,*,*,*,*,*,*,Wikipedia	0.00180050414115952
めん	名詞,一般,*,*,*,*,*,*,*,Wikipedia	0.00180050414115952
面倒くさい	形容詞,自立,*,*,形容詞・アウオ段,基本形,面倒くさい,メンドウクサイ,メンドークサイ	0.00180050414115952
無い	形容詞,自立,*,*,形容詞・アウオ段,基本形,無い,ナイ,ナイ	0.00144040331292762
食べる	名詞,一般,*,*,*,*,*,*,*,Wikipedia	0.00144040331292762
居酒屋	名詞,一般,*,*,*,*,*,*,*,Wikipedia	0.00144040331292762
値段	名詞,一般,*,*,*,*,*,*,*,Wikipedia	0.00144040331292762
ビーチ	名詞,一般,*,*,*,*,*,*,*,Wikipedia	0.00144040331292762
たち	名詞,接尾,一般,*,*,*,たち,タチ,タチ	0.00144040331292762
かっこ	名詞,一般,*,*,*,*,*,*,*,Wikipedia	0.00144040331292762
くら	名詞,一般,*,*,*,*,*,*,*,Wikipedia	0.00144040331292762
すごい	形容詞,自立,*,*,形容詞・アウオ段,基本形,すごい,スゴイ,スゴイ	0.00144040331292762
フラグ	名詞,一般,*,*,*,*,*,*,*,Wikipedia	0.00144040331292762
契約	名詞,一般,*,*,*,*,*,*,*,Wikipedia	0.00144040331292762
せん	名詞,一般,*,*,*,*,*,*,*,Wikipedia	0.00144040331292762
にし	名詞,一般,*,*,*,*,*,*,*,Wikipedia	0.00144040331292762
ネット	名詞,一般,*,*,*,*,*,*,*,Wikipedia	0.00144040331292762
研究室	名詞,一般,*,*,*,*,*,*,*,Wikipedia	0.00144040331292762
マジ	名詞,形容動詞語幹,*,*,*,*,マジ,マジ,マジ	0.00144040331292762
家事	名詞,一般,*,*,*,*,*,*,*,Wikipedia	0.00144040331292762
みんな	名詞,代名詞,一般,*,*,*,みんな,ミンナ,ミンナ	0.00144040331292762
レールガン	名詞,一般,*,*,*,*,*,*,*,Wikipedia	0.00144040331292762
昨日	名詞,一般,*,*,*,*,*,*,*,Wikipedia	0.00144040331292762
待機	名詞,サ変接続,*,*,*,*,待機,タイキ,タイキ	0.00144040331292762
おば	名詞,一般,*,*,*,*,*,*,*,Wikipedia	0.00144040331292762
飲む	名詞,一般,*,*,*,*,*,*,*,Wikipedia	0.00144040331292762
反応	名詞,一般,*,*,*,*,*,*,*,Wikipedia	0.00144040331292762
なう	名詞,一般,*,*,*,*,*,*,*,Wikipedia	0.00144040331292762
るん	名詞,一般,*,*,*,*,*,*,*,Wikipedia	0.00144040331292762
友人	名詞,一般,*,*,*,*,*,*,*,Wikipedia	0.00144040331292762
すげ	名詞,一般,*,*,*,*,*,*,*,Wikipedia	0.00144040331292762
ステーキ	名詞,一般,*,*,*,*,*,*,*,Wikipedia	0.00144040331292762
いけ	名詞,一般,*,*,*,*,*,*,*,Wikipedia	0.00144040331292762
ゴミ	名詞,一般,*,*,*,*,*,*,*,Wikipedia	0.00144040331292762
さい	名詞,一般,*,*,*,*,*,*,*,Wikipedia	0.00144040331292762
暑い	名詞,一般,*,*,*,*,*,*,*,Wikipedia	0.00144040331292762
参加	名詞,一般,*,*,*,*,*,*,*,Wikipedia	0.00144040331292762
味噌汁	名詞,一般,*,*,*,*,*,*,*,Wikipedia	0.00144040331292762
寒い	名詞,一般,*,*,*,*,*,*,*,Wikipedia	0.00144040331292762
東京	名詞,一般,*,*,*,*,*,*,*,Wikipedia	0.00144040331292762
発表	名詞,一般,*,*,*,*,*,*,*,Wikipedia	0.00144040331292762
確か	名詞,形容動詞語幹,*,*,*,*,確か,タシカ,タシカ	0.00144040331292762
イベント	名詞,一般,*,*,*,*,*,*,*,Wikipedia	0.00144040331292762
(^^)	名詞,サ変接続,*,*,*,*,*	0.00108030248469571
空港	名詞,一般,*,*,*,*,*,*,*,Wikipedia	0.00108030248469571
今年	名詞,一般,*,*,*,*,*,*,*,Wikipedia	0.00108030248469571
必要	名詞,形容動詞語幹,*,*,*,*,必要,ヒツヨウ,ヒツヨー	0.00108030248469571
日付	名詞,一般,*,*,*,*,*,*,*,Wikipedia	0.00108030248469571
使う	名詞,一般,*,*,*,*,*,*,*,Wikipedia	0.00108030248469571
最終	名詞,一般,*,*,*,*,最終,サイシュウ,サイシュー	0.00108030248469571
先輩	名詞,一般,*,*,*,*,*,*,*,Wikipedia	0.00108030248469571
ありがとう	名詞,一般,*,*,*,*,*,*,*,Wikipedia	0.00108030248469571
しょうが	名詞,一般,*,*,*,*,*,*,*,Wikipedia	0.00108030248469571
久米島	名詞,一般,*,*,*,*,*,*,*,Wikipedia	0.00108030248469571
ごはん	名詞,一般,*,*,*,*,*,*,*,Wikipedia	0.00108030248469571
作る	名詞,一般,*,*,*,*,*,*,*,Wikipedia	0.00108030248469571
いね	名詞,一般,*,*,*,*,*,*,*,Wikipedia	0.00108030248469571
やせ	名詞,一般,*,*,*,*,*,*,*,Wikipedia	0.00108030248469571
なく	形容詞,自立,*,*,形容詞・アウオ段,連用テ接続,ない,ナク,ナク	0.00108030248469571
状態	名詞,一般,*,*,*,*,*,*,*,Wikipedia	0.00108030248469571
掃除	名詞,一般,*,*,*,*,*,*,*,Wikipedia	0.00108030248469571
夕方	名詞,一般,*,*,*,*,*,*,*,Wikipedia	0.00108030248469571
気温	名詞,一般,*,*,*,*,*,*,*,Wikipedia	0.00108030248469571
大学	名詞,一般,*,*,*,*,*,*,*,Wikipedia	0.00108030248469571
長田	名詞,一般,*,*,*,*,*,*,*,Wikipedia	0.00108030248469571
いき	名詞,一般,*,*,*,*,*,*,*,Wikipedia	0.00108030248469571
ワロタ	名詞,一般,*,*,*,*,*,*,*,Wikipedia	0.00108030248469571
おじさん	名詞,一般,*,*,*,*,*,*,*,Wikipedia	0.00108030248469571
午後	名詞,一般,*,*,*,*,*,*,*,Wikipedia	0.00108030248469571
以上	名詞,一般,*,*,*,*,*,*,*,Wikipedia	0.00108030248469571
写真	名詞,一般,*,*,*,*,*,*,*,Wikipedia	0.00108030248469571
日目	名詞,一般,*,*,*,*,*,*,*,Wikipedia	0.00108030248469571
全部	名詞,一般,*,*,*,*,*,*,*,Wikipedia	0.00108030248469571
ホント	名詞,一般,*,*,*,*,ホント,ホント,ホント	0.00108030248469571
実家	名詞,一般,*,*,*,*,*,*,*,Wikipedia	0.00108030248469571
入り	名詞,接尾,サ変接続,*,*,*,入り,イリ,イリ	0.00108030248469571
名前	名詞,一般,*,*,*,*,*,*,*,Wikipedia	0.00108030248469571
お酒	名詞,一般,*,*,*,*,*,*,*,Wikipedia	0.00108030248469571
アリ	名詞,一般,*,*,*,*,*,*,*,Wikipedia	0.00108030248469571
市役所	名詞,一般,*,*,*,*,*,*,*,Wikipedia	0.00108030248469571
往復	名詞,サ変接続,*,*,*,*,往復,オウフク,オーフク	0.00108030248469571
一息	名詞,一般,*,*,*,*,一息,ヒトイキ,ヒトイキ	0.00108030248469571
タイミング	名詞,一般,*,*,*,*,*,*,*,Wikipedia	0.00108030248469571
バー	名詞,一般,*,*,*,*,*,*,*,Wikipedia	0.00108030248469571
(^_^)	名詞,サ変接続,*,*,*,*,*	0.00108030248469571
ありがと	名詞,一般,*,*,*,*,*,*,*,Wikipedia	0.00108030248469571
場所	名詞,一般,*,*,*,*,*,*,*,Wikipedia	0.00108030248469571
合流	名詞,一般,*,*,*,*,*,*,*,Wikipedia	0.00108030248469571
どっか	名詞,代名詞,一般,*,*,*,どっか,ドッカ,ドッカ	0.00108030248469571
眠たい	形容詞,自立,*,*,形容詞・アウオ段,基本形,眠たい,ネムタイ,ネムタイ	0.00108030248469571
残念	名詞,一般,*,*,*,*,*,*,*,Wikipedia	0.00108030248469571
代理	名詞,一般,*,*,*,*,*,*,*,Wikipedia	0.00108030248469571
シュタゲ	名詞,一般,*,*,*,*,*,*,*,Wikipedia	0.00108030248469571
よう	名詞,接尾,一般,*,*,*,よう,ヨウ,ヨー	0.00108030248469571
情報	名詞,一般,*,*,*,*,*,*,*,Wikipedia	0.00108030248469571
買う	名詞,一般,*,*,*,*,*,*,*,Wikipedia	0.00108030248469571
のな	名詞,一般,*,*,*,*,*,*,*,Wikipedia	0.00108030248469571
イー	名詞,一般,*,*,*,*,*,*,*,Wikipedia	0.00108030248469571
うぅ	形容詞,自立,*,*,形容詞・アウオ段,連用ゴザイ接続,うい,ウゥ,ウー	0.00108030248469571
おい	名詞,一般,*,*,*,*,*,*,*,Wikipedia	0.00108030248469571
いし	名詞,一般,*,*,*,*,*,*,*,Wikipedia	0.00108030248469571
まったり	名詞,一般,*,*,*,*,*,*,*,Wikipedia	0.00108030248469571
真面目	名詞,一般,*,*,*,*,*,*,*,Wikipedia	0.00108030248469571
設定	名詞,一般,*,*,*,*,*,*,*,Wikipedia	0.00108030248469571
心配	名詞,一般,*,*,*,*,*,*,*,Wikipedia	0.00108030248469571
朝ごはん	名詞,一般,*,*,*,*,*,*,*,Wikipedia	0.00108030248469571
お金	名詞,一般,*,*,*,*,*,*,*,Wikipedia	0.00108030248469571
いつ	名詞,代名詞,一般,*,*,*,いつ,イツ,イツ	0.00108030248469571
生活	名詞,一般,*,*,*,*,*,*,*,Wikipedia	0.00108030248469571
はい	名詞,一般,*,*,*,*,*,*,*,Wikipedia	0.00108030248469571
機会	名詞,一般,*,*,*,*,機会,キカイ,キカイ	0.00108030248469571
サービス	名詞,一般,*,*,*,*,*,*,*,Wikipedia	0.00108030248469571
多い	形容詞,自立,*,*,形容詞・アウオ段,基本形,多い,オオイ,オーイ	0.00108030248469571
強い	形容詞,自立,*,*,形容詞・アウオ段,基本形,強い,ツヨイ,ツヨイ	0.00108030248469571
炒め	名詞,一般,*,*,*,*,*,*,*,Wikipedia	0.00108030248469571
よく	名詞,一般,*,*,*,*,*,*,*,Wikipedia	0.00108030248469571
食料	名詞,一般,*,*,*,*,*,*,*,Wikipedia	0.00108030248469571
セーフ	名詞,一般,*,*,*,*,*,*,*,Wikipedia	0.00108030248469571
終電	名詞,一般,*,*,*,*,*,*,*,Wikipedia	0.00108030248469571
ワークショップ	名詞,一般,*,*,*,*,*,*,*,Wikipedia	0.00108030248469571
ストレッチ	名詞,一般,*,*,*,*,*,*,*,Wikipedia	0.00108030248469571
大変	名詞,形容動詞語幹,*,*,*,*,大変,タイヘン,タイヘン	0.00108030248469571
みたい	名詞,非自立,形容動詞語幹,*,*,*,みたい,ミタイ,ミタイ	0.00108030248469571
くん	名詞,接尾,人名,*,*,*,くん,クン,クン	0.00108030248469571
定期	名詞,一般,*,*,*,*,*,*,*,Wikipedia	0.00108030248469571
うに	名詞,一般,*,*,*,*,*,*,*,Wikipedia	0.00108030248469571
散歩	名詞,一般,*,*,*,*,*,*,*,Wikipedia	0.00108030248469571
連休	名詞,一般,*,*,*,*,*,*,*,Wikipedia	0.00108030248469571
消化	名詞,一般,*,*,*,*,*,*,*,Wikipedia	0.00108030248469571
コート	名詞,一般,*,*,*,*,*,*,*,Wikipedia	0.00108030248469571
ラーメン	名詞,一般,*,*,*,*,*,*,*,Wikipedia	0.00108030248469571
手続き	名詞,一般,*,*,*,*,*,*,*,Wikipedia	0.00108030248469571
寒い	形容詞,自立,*,*,形容詞・アウオ段,基本形,寒い,サムイ,サムイ	0.00108030248469571
しみ	名詞,一般,*,*,*,*,*,*,*,Wikipedia	0.00108030248469571
ハウス	名詞,一般,*,*,*,*,*,*,*,Wikipedia	0.00108030248469571
バス	名詞,一般,*,*,*,*,*,*,*,Wikipedia	0.00108030248469571
お風呂	名詞,一般,*,*,*,*,*,*,*,Wikipedia	0.00108030248469571
食事	名詞,一般,*,*,*,*,*,*,*,Wikipedia	0.00108030248469571
ゼミ	名詞,一般,*,*,*,*,*,*,*,Wikipedia	0.00108030248469571
くわ	名詞,一般,*,*,*,*,*,*,*,Wikipedia	0.00108030248469571
ゲーム	名詞,一般,*,*,*,*,*,*,*,Wikipedia	0.00108030248469571
いん	名詞,一般,*,*,*,*,*,*,*,Wikipedia	0.00108030248469571
学会	名詞,一般,*,*,*,*,*,*,*,Wikipedia	0.00108030248469571
テニス	名詞,一般,*,*,*,*,*,*,*,Wikipedia	0.00108030248469571
悪い	形容詞,自立,*,*,形容詞・アウオ段,基本形,悪い,ワルイ,ワルイ	0.00108030248469571
気分	名詞,一般,*,*,*,*,*,*,*,Wikipedia	0.00108030248469571
アイアンマン	名詞,一般,*,*,*,*,*,*,*,Wikipedia	0.00108030248469571
バレー	名詞,一般,*,*,*,*,*,*,*,Wikipedia	0.00108030248469571
普通	名詞,一般,*,*,*,*,*,*,*,Wikipedia	0.00108030248469571
どこ	名詞,一般,*,*,*,*,*,*,*,Wikipedia	0.00108030248469571
良く	形容詞,自立,*,*,形容詞・アウオ段,連用テ接続,良い,ヨク,ヨク	0.00072020165646381
合わせ	名詞,一般,*,*,*,*,*,*,*,Wikipedia	0.00072020165646381
すごかっ	形容詞,自立,*,*,形容詞・アウオ段,連用タ接続,すごい,スゴカッ,スゴカッ	0.00072020165646381
電源	名詞,一般,*,*,*,*,*,*,*,Wikipedia	0.00072020165646381
以外	名詞,一般,*,*,*,*,*,*,*,Wikipedia	0.00072020165646381
取り	名詞,接尾,一般,*,*,*,取り,トリ,トリ	0.00072020165646381
可能	名詞,一般,*,*,*,*,*,*,*,Wikipedia	0.00072020165646381
ツンデレ	名詞,一般,*,*,*,*,*,*,*,Wikipedia	0.00072020165646381
調整	名詞,サ変接続,*,*,*,*,調整,チョウセイ,チョーセイ	0.00072020165646381
パン	名詞,一般,*,*,*,*,*,*,*,Wikipedia	0.00072020165646381
手段	名詞,一般,*,*,*,*,手段,シュダン,シュダン	0.00072020165646381
てん	名詞,一般,*,*,*,*,*,*,*,Wikipedia	0.00072020165646381
何か	名詞,一般,*,*,*,*,*,*,*,Wikipedia	0.00072020165646381
ばっかり	名詞,一般,*,*,*,*,*,*,*,Wikipedia	0.00072020165646381
無理	名詞,形容動詞語幹,*,*,*,*,無理,ムリ,ムリ	0.00072020165646381
どっち	名詞,代名詞,一般,*,*,*,どっち,ドッチ,ドッチ	0.00072020165646381
美味し	形容詞,自立,*,*,形容詞・イ段,ガル接続,美味しい,オイシ,オイシ	0.00072020165646381
いよう	名詞,一般,*,*,*,*,*,*,*,Wikipedia	0.00072020165646381
合う	名詞,一般,*,*,*,*,*,*,*,Wikipedia	0.00072020165646381
ジャッキー	名詞,一般,*,*,*,*,*,*,*,Wikipedia	0.00072020165646381
うど	名詞,一般,*,*,*,*,*,*,*,Wikipedia	0.00072020165646381
遠い	形容詞,自立,*,*,形容詞・アウオ段,基本形,遠い,トオイ,トーイ	0.00072020165646381
かけ	名詞,一般,*,*,*,*,*,*,*,Wikipedia	0.00072020165646381
まとも	名詞,一般,*,*,*,*,*,*,*,Wikipedia	0.00072020165646381
アイツ	名詞,一般,*,*,*,*,アイツ,アイツ,アイツ	0.00072020165646381
花粉	名詞,一般,*,*,*,*,*,*,*,Wikipedia	0.00072020165646381
一緒に	名詞,一般,*,*,*,*,*,*,*,Wikipedia	0.00072020165646381
タイトル	名詞,一般,*,*,*,*,*,*,*,Wikipedia	0.00072020165646381
なけれ	形容詞,自立,*,*,形容詞・アウオ段,仮定形,ない,ナケレ,ナケレ	0.00072020165646381
カレー	名詞,一般,*,*,*,*,*,*,*,Wikipedia	0.00072020165646381
ランニング	名詞,一般,*,*,*,*,*,*,*,Wikipedia	0.00072020165646381
本屋	名詞,一般,*,*,*,*,*,*,*,Wikipedia	0.00072020165646381
グループ	名詞,一般,*,*,*,*,*,*,*,Wikipedia	0.00072020165646381
いっぱい	名詞,接尾,副詞可能,*,*,*,いっぱい,イッパイ,イッパイ	0.00072020165646381
ﾔﾝﾉｶｺﾞﾙｧ	名詞,一般,*,*,*,*,*	0.00072020165646381
カフェ	名詞,一般,*,*,*,*,*,*,*,Wikipedia	0.00072020165646381
っぽい	名詞,一般,*,*,*,*,*,*,*,Wikipedia	0.00072020165646381
変猫	名詞,一般,*,*,*,*,*,*,*,Wikipedia	0.00072020165646381
土日	名詞,一般,*,*,*,*,*,*,*,Wikipedia	0.00072020165646381
スピーチ	名詞,一般,*,*,*,*,*,*,*,Wikipedia	0.00072020165646381
セッション	名詞,一般,*,*,*,*,*,*,*,Wikipedia	0.00072020165646381
（・∀・）	名詞,一般,*,*,*,*,*,*,*,Wikipedia	0.00072020165646381
シフト勤務	名詞,一般,*,*,*,*,*,*,*,Wikipedia	0.00072020165646381
かに	名詞,一般,*,*,*,*,*,*,*,Wikipedia	0.00072020165646381
受け	名詞,一般,*,*,*,*,*,*,*,Wikipedia	0.00072020165646381
デカ	名詞,一般,*,*,*,*,*,*,*,Wikipedia	0.00072020165646381
当たり	名詞,一般,*,*,*,*,当たり,アタリ,アタリ	0.00072020165646381
見る	名詞,一般,*,*,*,*,*,*,*,Wikipedia	0.00072020165646381
変更	名詞,サ変接続,*,*,*,*,変更,ヘンコウ,ヘンコー	0.00072020165646381
コーリン	名詞,一般,*,*,*,*,*,*,*,Wikipedia	0.00072020165646381
もん	名詞,一般,*,*,*,*,*,*,*,Wikipedia	0.00072020165646381
ちょ	名詞,一般,*,*,*,*,*,*,*,Wikipedia	0.00072020165646381
つる	名詞,一般,*,*,*,*,*,*,*,Wikipedia	0.00072020165646381
代わり	名詞,一般,*,*,*,*,*,*,*,Wikipedia	0.00072020165646381
不安	名詞,一般,*,*,*,*,*,*,*,Wikipedia	0.00072020165646381
転入	名詞,一般,*,*,*,*,*,*,*,Wikipedia	0.00072020165646381
割引	名詞,一般,*,*,*,*,*,*,*,Wikipedia	0.00072020165646381
いも	名詞,一般,*,*,*,*,*,*,*,Wikipedia	0.00072020165646381
沖縄そば	名詞,一般,*,*,*,*,*,*,*,Wikipedia	0.00072020165646381
興味	名詞,一般,*,*,*,*,興味,キョウミ,キョーミ	0.00072020165646381
春日町	名詞,一般,*,*,*,*,*,*,*,Wikipedia	0.00072020165646381
届出	名詞,一般,*,*,*,*,*,*,*,Wikipedia	0.00072020165646381
パック	名詞,一般,*,*,*,*,*,*,*,Wikipedia	0.00072020165646381
通知	名詞,サ変接続,*,*,*,*,通知,ツウチ,ツーチ	0.00072020165646381
宜野湾	名詞,一般,*,*,*,*,*,*,*,Wikipedia	0.00072020165646381
全然	名詞,一般,*,*,*,*,*,*,*,Wikipedia	0.00072020165646381
断念	名詞,サ変接続,*,*,*,*,断念,ダンネン,ダンネン	0.00072020165646381
昼間	名詞,一般,*,*,*,*,*,*,*,Wikipedia	0.00072020165646381
衝撃	名詞,一般,*,*,*,*,衝撃,ショウゲキ,ショーゲキ	0.00072020165646381
コーヒー	名詞,一般,*,*,*,*,*,*,*,Wikipedia	0.00072020165646381
荷造り	名詞,サ変接続,*,*,*,*,荷造り,ニヅクリ,ニズクリ	0.00072020165646381
なぜ	名詞,一般,*,*,*,*,*,*,*,Wikipedia	0.00072020165646381
昼飯	名詞,一般,*,*,*,*,昼飯,ヒルメシ,ヒルメシ	0.00072020165646381
平日	名詞,一般,*,*,*,*,*,*,*,Wikipedia	0.00072020165646381
野菜	名詞,一般,*,*,*,*,*,*,*,Wikipedia	0.00072020165646381
ゴト	名詞,一般,*,*,*,*,*,*,*,Wikipedia	0.00072020165646381
こん	名詞,一般,*,*,*,*,*,*,*,Wikipedia	0.00072020165646381
ニュース	名詞,一般,*,*,*,*,*,*,*,Wikipedia	0.00072020165646381
大会	名詞,一般,*,*,*,*,*,*,*,Wikipedia	0.00072020165646381
大量	名詞,形容動詞語幹,*,*,*,*,大量,タイリョウ,タイリョー	0.00072020165646381
よい	名詞,一般,*,*,*,*,*,*,*,Wikipedia	0.00072020165646381
からい	名詞,一般,*,*,*,*,*,*,*,Wikipedia	0.00072020165646381
前後	名詞,一般,*,*,*,*,*,*,*,Wikipedia	0.00072020165646381
料理	名詞,一般,*,*,*,*,*,*,*,Wikipedia	0.00072020165646381
ふん	名詞,一般,*,*,*,*,*,*,*,Wikipedia	0.00072020165646381
ダンジョン	名詞,一般,*,*,*,*,*,*,*,Wikipedia	0.00072020165646381
結局	名詞,副詞可能,*,*,*,*,結局,ケッキョク,ケッキョク	0.00072020165646381
嬉しい	形容詞,自立,*,*,形容詞・イ段,基本形,嬉しい,ウレシイ,ウレシイ	0.00072020165646381
安定	名詞,一般,*,*,*,*,*,*,*,Wikipedia	0.00072020165646381
ﾁｯ	名詞,一般,*,*,*,*,*	0.00072020165646381
近所	名詞,一般,*,*,*,*,近所,キンジョ,キンジョ	0.00072020165646381
久しぶり	名詞,一般,*,*,*,*,久しぶり,ヒサシブリ,ヒサシブリ	0.00072020165646381
日曜	名詞,一般,*,*,*,*,*,*,*,Wikipedia	0.00072020165646381
文字	名詞,一般,*,*,*,*,*,*,*,Wikipedia	0.00072020165646381
ﾆﾔﾆﾔ	名詞,一般,*,*,*,*,*	0.00072020165646381
(´∀｀)	名詞,サ変接続,*,*,*,*,*	0.00072020165646381
締め	名詞,一般,*,*,*,*,締め,シメ,シメ	0.00072020165646381
アイロン	名詞,一般,*,*,*,*,*,*,*,Wikipedia	0.00072020165646381
基準	名詞,一般,*,*,*,*,*,*,*,Wikipedia	0.00072020165646381
寒く	形容詞,自立,*,*,形容詞・アウオ段,連用テ接続,寒い,サムク,サムク	0.00072020165646381
かなり	名詞,一般,*,*,*,*,かなり,カナリ,カナリ	0.00072020165646381
こい	形容詞,自立,*,*,形容詞・アウオ段,基本形,こい,コイ,コイ	0.00072020165646381
カカオトーク	名詞,一般,*,*,*,*,*,*,*,Wikipedia	0.00072020165646381
；∀；)	名詞,サ変接続,*,*,*,*,*	0.00072020165646381
クリーニング	名詞,一般,*,*,*,*,*,*,*,Wikipedia	0.00072020165646381
おかしい	名詞,一般,*,*,*,*,*,*,*,Wikipedia	0.00072020165646381
素敵	名詞,形容動詞語幹,*,*,*,*,素敵,ステキ,ステキ	0.00072020165646381
♪♪♪	名詞,サ変接続,*,*,*,*,*	0.00072020165646381
はす	名詞,一般,*,*,*,*,*,*,*,Wikipedia	0.00072020165646381
楽し	形容詞,自立,*,*,形容詞・イ段,ガル接続,楽しい,タノシ,タノシ	0.00072020165646381
危ない	形容詞,自立,*,*,形容詞・アウオ段,基本形,危ない,アブナイ,アブナイ	0.00072020165646381
引越し	名詞,一般,*,*,*,*,*,*,*,Wikipedia	0.00072020165646381
漫画	名詞,一般,*,*,*,*,*,*,*,Wikipedia	0.00072020165646381
完成	名詞,一般,*,*,*,*,*,*,*,Wikipedia	0.00072020165646381
メンツ	名詞,一般,*,*,*,*,メンツ,メンツ,メンツ	0.00072020165646381
もしかして	名詞,一般,*,*,*,*,*,*,*,Wikipedia	0.00072020165646381
期限	名詞,一般,*,*,*,*,*,*,*,Wikipedia	0.00072020165646381
ですよ	名詞,一般,*,*,*,*,*,*,*,Wikipedia	0.00072020165646381
テンション	名詞,一般,*,*,*,*,*,*,*,Wikipedia	0.00072020165646381
修理	名詞,サ変接続,*,*,*,*,修理,シュウリ,シューリ	0.00072020165646381
うの	名詞,一般,*,*,*,*,*,*,*,Wikipedia	0.00072020165646381
集中	名詞,一般,*,*,*,*,*,*,*,Wikipedia	0.00072020165646381
明太子	名詞,一般,*,*,*,*,*,*,*,Wikipedia	0.00072020165646381
買い物	名詞,一般,*,*,*,*,*,*,*,Wikipedia	0.00072020165646381
書類	名詞,一般,*,*,*,*,*,*,*,Wikipedia	0.00072020165646381
食器棚	名詞,一般,*,*,*,*,*,*,*,Wikipedia	0.00072020165646381
以降	名詞,副詞可能,*,*,*,*,以降,イコウ,イコー	0.00072020165646381
そっ	名詞,代名詞,一般,*,*,*,そっ,ソッ,ソッ	0.00072020165646381
クタ	名詞,一般,*,*,*,*,*,*,*,Wikipedia	0.00072020165646381
社会人	名詞,一般,*,*,*,*,*,*,*,Wikipedia	0.00072020165646381
カラオケ	名詞,一般,*,*,*,*,*,*,*,Wikipedia	0.00072020165646381
チュー	名詞,一般,*,*,*,*,*,*,*,Wikipedia	0.00072020165646381
完全	名詞,形容動詞語幹,*,*,*,*,完全,カンゼン,カンゼン	0.00072020165646381
シアワセ	名詞,一般,*,*,*,*,*,*,*,Wikipedia	0.00072020165646381
かん	名詞,一般,*,*,*,*,*,*,*,Wikipedia	0.00072020165646381
ゆっくり	名詞,一般,*,*,*,*,*,*,*,Wikipedia	0.00072020165646381
スケジュール	名詞,一般,*,*,*,*,*,*,*,Wikipedia	0.00072020165646381
めちゃイケ	名詞,一般,*,*,*,*,*,*,*,Wikipedia	0.00072020165646381
スカイライナー	名詞,一般,*,*,*,*,*,*,*,Wikipedia	0.00072020165646381
手抜き	名詞,一般,*,*,*,*,*,*,*,Wikipedia	0.00072020165646381
食料品	名詞,一般,*,*,*,*,*,*,*,Wikipedia	0.00072020165646381
ため	名詞,非自立,副詞可能,*,*,*,ため,タメ,タメ	0.00072020165646381
もり	名詞,一般,*,*,*,*,*,*,*,Wikipedia	0.00072020165646381
恵比寿	名詞,一般,*,*,*,*,*,*,*,Wikipedia	0.00072020165646381
美味しかっ	形容詞,自立,*,*,形容詞・イ段,連用タ接続,美味しい,オイシカッ,オイシカッ	0.00072020165646381
とこ	名詞,一般,*,*,*,*,とこ,トコ,トコ	0.00072020165646381
てこ	名詞,一般,*,*,*,*,*,*,*,Wikipedia	0.00072020165646381
今月	名詞,副詞可能,*,*,*,*,今月,コンゲツ,コンゲツ	0.00072020165646381
錦織	名詞,一般,*,*,*,*,*,*,*,Wikipedia	0.00072020165646381
売り手	名詞,一般,*,*,*,*,売り手,ウリテ,ウリテ	0.00072020165646381
ﾈﾑﾋｰ	名詞,一般,*,*,*,*,*	0.00072020165646381
卒業式	名詞,一般,*,*,*,*,*,*,*,Wikipedia	0.00072020165646381
自宅	名詞,一般,*,*,*,*,*,*,*,Wikipedia	0.00072020165646381
ネタ	名詞,一般,*,*,*,*,*,*,*,Wikipedia	0.00072020165646381
パスタ	名詞,一般,*,*,*,*,*,*,*,Wikipedia	0.00072020165646381
うし	名詞,一般,*,*,*,*,*,*,*,Wikipedia	0.00072020165646381
ゲット	名詞,一般,*,*,*,*,*,*,*,Wikipedia	0.00072020165646381
距離	名詞,一般,*,*,*,*,*,*,*,Wikipedia	0.00072020165646381
そのまま	名詞,一般,*,*,*,*,*,*,*,Wikipedia	0.00072020165646381
週末	名詞,一般,*,*,*,*,*,*,*,Wikipedia	0.00072020165646381
ポケモン	名詞,一般,*,*,*,*,*,*,*,Wikipedia	0.00072020165646381
ミサキ	名詞,一般,*,*,*,*,*,*,*,Wikipedia	0.00072020165646381
電話	名詞,一般,*,*,*,*,*,*,*,Wikipedia	0.00072020165646381
やく	名詞,一般,*,*,*,*,*,*,*,Wikipedia	0.00072020165646381
とき	名詞,一般,*,*,*,*,*,*,*,Wikipedia	0.00072020165646381
ただいま	名詞,一般,*,*,*,*,*,*,*,Wikipedia	0.00072020165646381
元気	名詞,一般,*,*,*,*,*,*,*,Wikipedia	0.00072020165646381
つもり	名詞,非自立,一般,*,*,*,つもり,ツモリ,ツモリ	0.00072020165646381
安心	名詞,一般,*,*,*,*,*,*,*,Wikipedia	0.00072020165646381
新宿駅	名詞,一般,*,*,*,*,*,*,*,Wikipedia	0.00072020165646381
散策	名詞,一般,*,*,*,*,*,*,*,Wikipedia	0.00072020165646381
どん	名詞,一般,*,*,*,*,*,*,*,Wikipedia	0.00072020165646381
ポニテ	名詞,一般,*,*,*,*,*,*,*,Wikipedia	0.00072020165646381
家電	名詞,一般,*,*,*,*,*,*,*,Wikipedia	0.00072020165646381
ヤバ	名詞,一般,*,*,*,*,*,*,*,Wikipedia	0.00072020165646381
キャラ	名詞,一般,*,*,*,*,*,*,*,Wikipedia	0.00072020165646381
進行	名詞,一般,*,*,*,*,*,*,*,Wikipedia	0.00072020165646381
どうし	名詞,接尾,一般,*,*,*,どうし,ドウシ,ドーシ	0.00072020165646381
マック	名詞,一般,*,*,*,*,*,*,*,Wikipedia	0.00072020165646381
違い	名詞,一般,*,*,*,*,*,*,*,Wikipedia	0.00072020165646381
ただ	名詞,一般,*,*,*,*,ただ,タダ,タダ	0.00072020165646381
試し	名詞,一般,*,*,*,*,試し,タメシ,タメシ	0.00072020165646381
あたり	名詞,一般,*,*,*,*,*,*,*,Wikipedia	0.00072020165646381
うたた寝	名詞,一般,*,*,*,*,うたた寝,ウタタネ,ウタタネ	0.00072020165646381
ですか	名詞,一般,*,*,*,*,*,*,*,Wikipedia	0.00072020165646381
よね	名詞,一般,*,*,*,*,*,*,*,Wikipedia	0.00072020165646381
お出かけ	名詞,サ変接続,*,*,*,*,お出かけ,オデカケ,オデカケ	0.00072020165646381
ほうれん草	名詞,一般,*,*,*,*,*,*,*,Wikipedia	0.00072020165646381
半端	名詞,形容動詞語幹,*,*,*,*,半端,ハンパ,ハンパ	0.00072020165646381
移動	名詞,一般,*,*,*,*,*,*,*,Wikipedia	0.00072020165646381
そうかな	名詞,一般,*,*,*,*,*,*,*,Wikipedia	0.00072020165646381
密林	名詞,一般,*,*,*,*,*,*,*,Wikipedia	0.00072020165646381
絶対	名詞,副詞可能,*,*,*,*,絶対,ゼッタイ,ゼッタイ	0.00072020165646381
気をつけ	名詞,一般,*,*,*,*,*,*,*,Wikipedia	0.00072020165646381
あん	名詞,一般,*,*,*,*,*,*,*,Wikipedia	0.00072020165646381
帰り	名詞,一般,*,*,*,*,帰り,カエリ,カエリ	0.00072020165646381
やば	形容詞,自立,*,*,形容詞・アウオ段,ガル接続,やばい,ヤバ,ヤバ	0.00072020165646381
集合	名詞,一般,*,*,*,*,*,*,*,Wikipedia	0.00072020165646381
便利	名詞,形容動詞語幹,*,*,*,*,便利,ベンリ,ベンリ	0.00072020165646381
あぁ	名詞,一般,*,*,*,*,*,*,*,Wikipedia	0.00072020165646381
おやすみ	名詞,一般,*,*,*,*,*,*,*,Wikipedia	0.00072020165646381
再開	名詞,サ変接続,*,*,*,*,再開,サイカイ,サイカイ	0.00072020165646381
期待	名詞,一般,*,*,*,*,*,*,*,Wikipedia	0.00072020165646381
飲み会	名詞,一般,*,*,*,*,*,*,*,Wikipedia	0.00072020165646381
サウナ	名詞,一般,*,*,*,*,*,*,*,Wikipedia	0.00072020165646381
移行	名詞,サ変接続,*,*,*,*,移行,イコウ,イコー	0.00072020165646381
活動	名詞,一般,*,*,*,*,*,*,*,Wikipedia	0.00072020165646381
ヴァン	名詞,一般,*,*,*,*,*,*,*,Wikipedia	0.00072020165646381
最高	名詞,一般,*,*,*,*,*,*,*,Wikipedia	0.00072020165646381
ランチ	名詞,一般,*,*,*,*,*,*,*,Wikipedia	0.00072020165646381
練馬	名詞,一般,*,*,*,*,*,*,*,Wikipedia	0.00072020165646381
一度	名詞,一般,*,*,*,*,*,*,*,Wikipedia	0.00072020165646381
なると	名詞,一般,*,*,*,*,*,*,*,Wikipedia	0.00072020165646381
冷凍	名詞,一般,*,*,*,*,*,*,*,Wikipedia	0.00072020165646381
熱い	名詞,一般,*,*,*,*,*,*,*,Wikipedia	0.00072020165646381
一人	名詞,一般,*,*,*,*,*,*,*,Wikipedia	0.00072020165646381
転換	名詞,サ変接続,*,*,*,*,転換,テンカン,テンカン	0.00072020165646381
速い	形容詞,自立,*,*,形容詞・アウオ段,基本形,速い,ハヤイ,ハヤイ	0.00072020165646381
来週	名詞,副詞可能,*,*,*,*,来週,ライシュウ,ライシュー	0.000360100828231905
デー	名詞,一般,*,*,*,*,*,*,*,Wikipedia	0.000360100828231905
店長	名詞,一般,*,*,*,*,*,*,*,Wikipedia	0.000360100828231905
ﾞﾟ	名詞,一般,*,*,*,*,*	0.000360100828231905
直し	名詞,一般,*,*,*,*,*,*,*,Wikipedia	0.000360100828231905
観光客	名詞,一般,*,*,*,*,*,*,*,Wikipedia	0.000360100828231905
ブレイブ	名詞,一般,*,*,*,*,*,*,*,Wikipedia	0.000360100828231905
手伝い	名詞,一般,*,*,*,*,手伝い,テツダイ,テツダイ	0.000360100828231905
交通費	名詞,一般,*,*,*,*,*,*,*,Wikipedia	0.000360100828231905
私物	名詞,一般,*,*,*,*,私物,シブツ,シブツ	0.000360100828231905
お肉	名詞,一般,*,*,*,*,*,*,*,Wikipedia	0.000360100828231905
ぅぅぅぅぅぅ	名詞,一般,*,*,*,*,*	0.000360100828231905
回復	名詞,サ変接続,*,*,*,*,回復,カイフク,カイフク	0.000360100828231905
向き	名詞,一般,*,*,*,*,*,*,*,Wikipedia	0.000360100828231905
ｷﾘ	名詞,一般,*,*,*,*,*	0.000360100828231905
セブンスドラゴン	名詞,一般,*,*,*,*,*,*,*,Wikipedia	0.000360100828231905
身近	名詞,形容動詞語幹,*,*,*,*,身近,ミヂカ,ミジカ	0.000360100828231905
だるい	形容詞,自立,*,*,形容詞・アウオ段,基本形,だるい,ダルイ,ダルイ	0.000360100828231905
祝い	名詞,サ変接続,*,*,*,*,祝い,イワイ,イワイ	0.000360100828231905
着火	名詞,一般,*,*,*,*,*,*,*,Wikipedia	0.000360100828231905
半分	名詞,一般,*,*,*,*,*,*,*,Wikipedia	0.000360100828231905
製本	名詞,一般,*,*,*,*,*,*,*,Wikipedia	0.000360100828231905
ｶﾞﾀｯ	名詞,一般,*,*,*,*,*	0.000360100828231905
全快	名詞,サ変接続,*,*,*,*,全快,ゼンカイ,ゼンカイ	0.000360100828231905
ボランティア	名詞,一般,*,*,*,*,*,*,*,Wikipedia	0.000360100828231905
プラン	名詞,一般,*,*,*,*,*,*,*,Wikipedia	0.000360100828231905
(笑)	名詞,一般,*,*,*,*,*,*,*,Wikipedia	0.000360100828231905
フォーメーション	名詞,一般,*,*,*,*,*,*,*,Wikipedia	0.000360100828231905
インチ	名詞,一般,*,*,*,*,*,*,*,Wikipedia	0.000360100828231905
整理	名詞,サ変接続,*,*,*,*,整理,セイリ,セイリ	0.000360100828231905
アパート	名詞,一般,*,*,*,*,*,*,*,Wikipedia	0.000360100828231905
流れ	名詞,一般,*,*,*,*,*,*,*,Wikipedia	0.000360100828231905
がんがる	名詞,一般,*,*,*,*,*,*,*,Wikipedia	0.000360100828231905
本位	名詞,一般,*,*,*,*,本位,ホンイ,ホンイ	0.000360100828231905
運搬	名詞,一般,*,*,*,*,*,*,*,Wikipedia	0.000360100828231905
経験	名詞,一般,*,*,*,*,*,*,*,Wikipedia	0.000360100828231905
情け	名詞,一般,*,*,*,*,*,*,*,Wikipedia	0.000360100828231905
画面	名詞,一般,*,*,*,*,*,*,*,Wikipedia	0.000360100828231905
らい	名詞,一般,*,*,*,*,*,*,*,Wikipedia	0.000360100828231905
至福	名詞,一般,*,*,*,*,至福,シフク,シフク	0.000360100828231905
エアアジア	名詞,一般,*,*,*,*,*,*,*,Wikipedia	0.000360100828231905
実行	名詞,一般,*,*,*,*,*,*,*,Wikipedia	0.000360100828231905
一緒	名詞,サ変接続,*,*,*,*,一緒,イッショ,イッショ	0.000360100828231905
訛り	名詞,一般,*,*,*,*,*,*,*,Wikipedia	0.000360100828231905
めちゃいけ	名詞,一般,*,*,*,*,*,*,*,Wikipedia	0.000360100828231905
持ち込み	名詞,一般,*,*,*,*,持ち込み,モチコミ,モチコミ	0.000360100828231905
よかっ	形容詞,自立,*,*,形容詞・アウオ段,連用タ接続,よい,ヨカッ,ヨカッ	0.000360100828231905
ｼｸｼｸ	名詞,一般,*,*,*,*,*	0.000360100828231905
セレンディピティ	名詞,一般,*,*,*,*,*,*,*,Wikipedia	0.000360100828231905
｀)	名詞,サ変接続,*,*,*,*,*	0.000360100828231905
二人	名詞,一般,*,*,*,*,*,*,*,Wikipedia	0.000360100828231905
消費期限	名詞,一般,*,*,*,*,*,*,*,Wikipedia	0.000360100828231905
心地	名詞,接尾,一般,*,*,*,心地,ゴコチ,ゴコチ	0.000360100828231905
進撃の巨人	名詞,一般,*,*,*,*,*,*,*,Wikipedia	0.000360100828231905
モード	名詞,一般,*,*,*,*,*,*,*,Wikipedia	0.000360100828231905
川崎	名詞,一般,*,*,*,*,*,*,*,Wikipedia	0.000360100828231905
まさか	名詞,一般,*,*,*,*,*,*,*,Wikipedia	0.000360100828231905
志向	名詞,サ変接続,*,*,*,*,志向,シコウ,シコー	0.000360100828231905
固め	名詞,接尾,一般,*,*,*,固め,ガタメ,ガタメ	0.000360100828231905
コスパ	名詞,一般,*,*,*,*,*,*,*,Wikipedia	0.000360100828231905
ロク	名詞,一般,*,*,*,*,ロク,ロク,ロク	0.000360100828231905
配送	名詞,一般,*,*,*,*,*,*,*,Wikipedia	0.000360100828231905
スープ	名詞,一般,*,*,*,*,*,*,*,Wikipedia	0.000360100828231905
程度	名詞,一般,*,*,*,*,程度,テイド,テイド	0.000360100828231905
入り口	名詞,一般,*,*,*,*,入り口,イリクチ,イリクチ	0.000360100828231905
配置	名詞,サ変接続,*,*,*,*,配置,ハイチ,ハイチ	0.000360100828231905
欲しい	形容詞,自立,*,*,形容詞・イ段,基本形,欲しい,ホシイ,ホシイ	0.000360100828231905
遭難	名詞,一般,*,*,*,*,*,*,*,Wikipedia	0.000360100828231905
ハモネプ	名詞,一般,*,*,*,*,*,*,*,Wikipedia	0.000360100828231905
お茶の水	名詞,一般,*,*,*,*,*,*,*,Wikipedia	0.000360100828231905
マネジメント	名詞,一般,*,*,*,*,*,*,*,Wikipedia	0.000360100828231905
･*)	名詞,サ変接続,*,*,*,*,*	0.000360100828231905
単身	名詞,一般,*,*,*,*,単身,タンシン,タンシン	0.000360100828231905
調子	名詞,一般,*,*,*,*,調子,チョウシ,チョーシ	0.000360100828231905
萎え	名詞,一般,*,*,*,*,*,*,*,Wikipedia	0.000360100828231905
ビール	名詞,一般,*,*,*,*,*,*,*,Wikipedia	0.000360100828231905
悪かっ	形容詞,自立,*,*,形容詞・アウオ段,連用タ接続,悪い,ワルカッ,ワルカッ	0.000360100828231905
水樹奈々	名詞,一般,*,*,*,*,*,*,*,Wikipedia	0.000360100828231905
外出	名詞,サ変接続,*,*,*,*,外出,ガイシュツ,ガイシュツ	0.000360100828231905
リプライ	名詞,サ変接続,*,*,*,*,リプライ,リプライ,リプライ	0.000360100828231905
通勤	名詞,一般,*,*,*,*,*,*,*,Wikipedia	0.000360100828231905
本島	名詞,一般,*,*,*,*,*,*,*,Wikipedia	0.000360100828231905
遠かっ	形容詞,自立,*,*,形容詞・アウオ段,連用タ接続,遠い,トオカッ,トーカッ	0.000360100828231905
ﾈｰ	名詞,一般,*,*,*,*,*	0.000360100828231905
今更	名詞,一般,*,*,*,*,今更,イマサラ,イマサラ	0.000360100828231905
ほか	名詞,副詞可能,*,*,*,*,ほか,ホカ,ホカ	0.000360100828231905
ヒロイン	名詞,一般,*,*,*,*,*,*,*,Wikipedia	0.000360100828231905
くつ	名詞,一般,*,*,*,*,*,*,*,Wikipedia	0.000360100828231905
たより	名詞,ナイ形容詞語幹,*,*,*,*,たより,タヨリ,タヨリ	0.000360100828231905
溜まり場	名詞,一般,*,*,*,*,溜まり場,タマリバ,タマリバ	0.000360100828231905
うお	名詞,一般,*,*,*,*,*,*,*,Wikipedia	0.000360100828231905
込み	名詞,接尾,一般,*,*,*,込み,コミ,コミ	0.000360100828231905
脱出	名詞,一般,*,*,*,*,*,*,*,Wikipedia	0.000360100828231905
方言	名詞,一般,*,*,*,*,*,*,*,Wikipedia	0.000360100828231905
詐欺	名詞,一般,*,*,*,*,*,*,*,Wikipedia	0.000360100828231905
カフェラテ	名詞,一般,*,*,*,*,*,*,*,Wikipedia	0.000360100828231905
ｺﾞﾙｧ	名詞,一般,*,*,*,*,*	0.000360100828231905
汚い	形容詞,自立,*,*,形容詞・アウオ段,基本形,汚い,キタナイ,キタナイ	0.000360100828231905
偏見	名詞,一般,*,*,*,*,*,*,*,Wikipedia	0.000360100828231905
番長	名詞,一般,*,*,*,*,*,*,*,Wikipedia	0.000360100828231905
賞味期間	名詞,一般,*,*,*,*,*,*,*,Wikipedia	0.000360100828231905
本店	名詞,一般,*,*,*,*,*,*,*,Wikipedia	0.000360100828231905
タイプ	名詞,一般,*,*,*,*,*,*,*,Wikipedia	0.000360100828231905
動き	名詞,一般,*,*,*,*,*,*,*,Wikipedia	0.000360100828231905
痒く	形容詞,自立,*,*,形容詞・アウオ段,連用テ接続,痒い,カユク,カユク	0.000360100828231905
パンダ	名詞,一般,*,*,*,*,*,*,*,Wikipedia	0.000360100828231905
昼寝	名詞,一般,*,*,*,*,*,*,*,Wikipedia	0.000360100828231905
配分	名詞,一般,*,*,*,*,*,*,*,Wikipedia	0.000360100828231905
ビリビリ	名詞,一般,*,*,*,*,*,*,*,Wikipedia	0.000360100828231905
髭剃り	名詞,一般,*,*,*,*,*,*,*,Wikipedia	0.000360100828231905
本当	名詞,一般,*,*,*,*,*,*,*,Wikipedia	0.000360100828231905
コンセント	名詞,一般,*,*,*,*,*,*,*,Wikipedia	0.000360100828231905
半裸	名詞,一般,*,*,*,*,半裸,ハンラ,ハンラ	0.000360100828231905
おヘソ	名詞,一般,*,*,*,*,*,*,*,Wikipedia	0.000360100828231905
フリー	名詞,一般,*,*,*,*,*,*,*,Wikipedia	0.000360100828231905
宿泊	名詞,一般,*,*,*,*,*,*,*,Wikipedia	0.000360100828231905
カフェ・ベローチェ	名詞,一般,*,*,*,*,*,*,*,Wikipedia	0.000360100828231905
オツ	名詞,一般,*,*,*,*,*,*,*,Wikipedia	0.000360100828231905
酔っぱらい	名詞,一般,*,*,*,*,酔っぱらい,ヨッパライ,ヨッパライ	0.000360100828231905
声優	名詞,一般,*,*,*,*,*,*,*,Wikipedia	0.000360100828231905
半年	名詞,一般,*,*,*,*,*,*,*,Wikipedia	0.000360100828231905
旅行	名詞,一般,*,*,*,*,*,*,*,Wikipedia	0.000360100828231905
雲泥の差	名詞,一般,*,*,*,*,雲泥の差,ウンデイノサ,ウンデイノサ	0.000360100828231905
ドリンク	名詞,一般,*,*,*,*,*,*,*,Wikipedia	0.000360100828231905
バンド	名詞,一般,*,*,*,*,*,*,*,Wikipedia	0.000360100828231905
冷たい	名詞,一般,*,*,*,*,*,*,*,Wikipedia	0.000360100828231905
うける	名詞,一般,*,*,*,*,*,*,*,Wikipedia	0.000360100828231905
緩く	形容詞,自立,*,*,形容詞・アウオ段,連用テ接続,緩い,ユルク,ユルク	0.000360100828231905
一本	名詞,一般,*,*,*,*,*,*,*,Wikipedia	0.000360100828231905
家具	名詞,一般,*,*,*,*,*,*,*,Wikipedia	0.000360100828231905
対応	名詞,一般,*,*,*,*,*,*,*,Wikipedia	0.000360100828231905
ポーク玉子	名詞,一般,*,*,*,*,*,*,*,Wikipedia	0.000360100828231905
キモい	名詞,一般,*,*,*,*,*,*,*,Wikipedia	0.000360100828231905
就職	名詞,一般,*,*,*,*,*,*,*,Wikipedia	0.000360100828231905
問題	名詞,一般,*,*,*,*,*,*,*,Wikipedia	0.000360100828231905
マン	名詞,一般,*,*,*,*,*,*,*,Wikipedia	0.000360100828231905
女の子	名詞,一般,*,*,*,*,*,*,*,Wikipedia	0.000360100828231905
方面	名詞,一般,*,*,*,*,方面,ホウメン,ホーメン	0.000360100828231905
さだ	名詞,一般,*,*,*,*,*,*,*,Wikipedia	0.000360100828231905
やばい	形容詞,自立,*,*,形容詞・アウオ段,基本形,やばい,ヤバイ,ヤバイ	0.000360100828231905
合コン	名詞,一般,*,*,*,*,*,*,*,Wikipedia	0.000360100828231905
曇り	名詞,一般,*,*,*,*,*,*,*,Wikipedia	0.000360100828231905
あそこ	名詞,一般,*,*,*,*,*,*,*,Wikipedia	0.000360100828231905
こっち	名詞,代名詞,一般,*,*,*,こっち,コッチ,コッチ	0.000360100828231905
千円	名詞,一般,*,*,*,*,*,*,*,Wikipedia	0.000360100828231905
(((((((((((	名詞,サ変接続,*,*,*,*,*	0.000360100828231905
爆速	名詞,一般,*,*,*,*,*,*,*,Wikipedia	0.000360100828231905
完璧	名詞,一般,*,*,*,*,*,*,*,Wikipedia	0.000360100828231905
中古車	名詞,一般,*,*,*,*,*,*,*,Wikipedia	0.000360100828231905
うまく	形容詞,自立,*,*,形容詞・アウオ段,連用テ接続,うまい,ウマク,ウマク	0.000360100828231905
程々	名詞,一般,*,*,*,*,程々,ホドホド,ホドホド	0.000360100828231905
わい	名詞,一般,*,*,*,*,*,*,*,Wikipedia	0.000360100828231905
不便	名詞,形容動詞語幹,*,*,*,*,不便,フベン,フベン	0.000360100828231905
時代	名詞,一般,*,*,*,*,*,*,*,Wikipedia	0.000360100828231905
タルト	名詞,一般,*,*,*,*,*,*,*,Wikipedia	0.000360100828231905
ケース	名詞,一般,*,*,*,*,*,*,*,Wikipedia	0.000360100828231905
(￣	名詞,サ変接続,*,*,*,*,*	0.000360100828231905
本人	名詞,一般,*,*,*,*,本人,ホンニン,ホンニン	0.000360100828231905
ツイート	名詞,一般,*,*,*,*,*,*,*,Wikipedia	0.000360100828231905
観察	名詞,一般,*,*,*,*,*,*,*,Wikipedia	0.000360100828231905
引っ越し	名詞,一般,*,*,*,*,*,*,*,Wikipedia	0.000360100828231905
続き	名詞,一般,*,*,*,*,続き,ツヅキ,ツズキ	0.000360100828231905
リアル	名詞,一般,*,*,*,*,*,*,*,Wikipedia	0.000360100828231905
アップ	名詞,一般,*,*,*,*,*,*,*,Wikipedia	0.000360100828231905
ランキング	名詞,一般,*,*,*,*,*,*,*,Wikipedia	0.000360100828231905
近く	名詞,副詞可能,*,*,*,*,近く,チカク,チカク	0.000360100828231905
おばけ	名詞,一般,*,*,*,*,*,*,*,Wikipedia	0.000360100828231905
絵コンテ	名詞,一般,*,*,*,*,*,*,*,Wikipedia	0.000360100828231905
正直	名詞,一般,*,*,*,*,*,*,*,Wikipedia	0.000360100828231905
北海	名詞,一般,*,*,*,*,*,*,*,Wikipedia	0.000360100828231905
かす	名詞,一般,*,*,*,*,*,*,*,Wikipedia	0.000360100828231905
ダイエット	名詞,一般,*,*,*,*,*,*,*,Wikipedia	0.000360100828231905
せい	名詞,一般,*,*,*,*,*,*,*,Wikipedia	0.000360100828231905
ハードル	名詞,一般,*,*,*,*,*,*,*,Wikipedia	0.000360100828231905
窓口	名詞,一般,*,*,*,*,窓口,マドグチ,マドグチ	0.000360100828231905
琉球大学	名詞,一般,*,*,*,*,*,*,*,Wikipedia	0.000360100828231905
はえ	名詞,一般,*,*,*,*,*,*,*,Wikipedia	0.000360100828231905
アメトーーク	名詞,一般,*,*,*,*,*,*,*,Wikipedia	0.000360100828231905
プラグ	名詞,一般,*,*,*,*,*,*,*,Wikipedia	0.000360100828231905
無駄	名詞,形容動詞語幹,*,*,*,*,無駄,ムダ,ムダ	0.000360100828231905
日曜日	名詞,一般,*,*,*,*,*,*,*,Wikipedia	0.000360100828231905
可愛く	形容詞,自立,*,*,形容詞・イ段,連用テ接続,可愛い,カワイク,カワイク	0.000360100828231905
いま	名詞,副詞可能,*,*,*,*,いま,イマ,イマ	0.000360100828231905
月曜	名詞,一般,*,*,*,*,*,*,*,Wikipedia	0.000360100828231905
原チャ	名詞,一般,*,*,*,*,*,*,*,Wikipedia	0.000360100828231905
学生	名詞,一般,*,*,*,*,*,*,*,Wikipedia	0.000360100828231905
？((	名詞,サ変接続,*,*,*,*,*	0.000360100828231905
ゲー	名詞,一般,*,*,*,*,*,*,*,Wikipedia	0.000360100828231905
スペース	名詞,一般,*,*,*,*,*,*,*,Wikipedia	0.000360100828231905
確率	名詞,一般,*,*,*,*,*,*,*,Wikipedia	0.000360100828231905
広かっ	形容詞,自立,*,*,形容詞・アウオ段,連用タ接続,広い,ヒロカッ,ヒロカッ	0.000360100828231905
ちい	名詞,一般,*,*,*,*,*,*,*,Wikipedia	0.000360100828231905
台風	名詞,一般,*,*,*,*,*,*,*,Wikipedia	0.000360100828231905
日向	名詞,一般,*,*,*,*,*,*,*,Wikipedia	0.000360100828231905
うち	名詞,一般,*,*,*,*,うち,ウチ,ウチ	0.000360100828231905
あい	名詞,一般,*,*,*,*,*,*,*,Wikipedia	0.000360100828231905
開き	名詞,一般,*,*,*,*,*,*,*,Wikipedia	0.000360100828231905
はな	名詞,一般,*,*,*,*,*,*,*,Wikipedia	0.000360100828231905
映画	名詞,一般,*,*,*,*,*,*,*,Wikipedia	0.000360100828231905
情報処理学会	名詞,一般,*,*,*,*,*,*,*,Wikipedia	0.000360100828231905
てるみ	名詞,一般,*,*,*,*,*,*,*,Wikipedia	0.000360100828231905
効果	名詞,一般,*,*,*,*,*,*,*,Wikipedia	0.000360100828231905
イチ	名詞,一般,*,*,*,*,*,*,*,Wikipedia	0.000360100828231905
不可能	名詞,形容動詞語幹,*,*,*,*,不可能,フカノウ,フカノー	0.000360100828231905
ライン	名詞,一般,*,*,*,*,*,*,*,Wikipedia	0.000360100828231905
共有	名詞,一般,*,*,*,*,*,*,*,Wikipedia	0.000360100828231905
プール	名詞,一般,*,*,*,*,*,*,*,Wikipedia	0.000360100828231905
知らせ	名詞,一般,*,*,*,*,知らせ,シラセ,シラセ	0.000360100828231905
プリンタサーバ	名詞,一般,*,*,*,*,*,*,*,Wikipedia	0.000360100828231905
一番	名詞,副詞可能,*,*,*,*,一番,イチバン,イチバン	0.000360100828231905
省エネ	名詞,一般,*,*,*,*,*,*,*,Wikipedia	0.000360100828231905
ファイル	名詞,一般,*,*,*,*,*,*,*,Wikipedia	0.000360100828231905
手袋	名詞,一般,*,*,*,*,*,*,*,Wikipedia	0.000360100828231905
予習	名詞,サ変接続,*,*,*,*,予習,ヨシュウ,ヨシュー	0.000360100828231905
イイ	形容詞,自立,*,*,不変化型,基本形,イイ,イイ,イイ	0.000360100828231905
属性	名詞,一般,*,*,*,*,*,*,*,Wikipedia	0.000360100828231905
かめ	名詞,一般,*,*,*,*,*,*,*,Wikipedia	0.000360100828231905
面白	名詞,一般,*,*,*,*,面白,オモシロ,オモシロ	0.000360100828231905
アウトドア	名詞,一般,*,*,*,*,*,*,*,Wikipedia	0.000360100828231905
ファイヤー	名詞,一般,*,*,*,*,*,*,*,Wikipedia	0.000360100828231905
水曜日	名詞,一般,*,*,*,*,*,*,*,Wikipedia	0.000360100828231905
冷凍食品	名詞,一般,*,*,*,*,*,*,*,Wikipedia	0.000360100828231905
待ち遠しかっ	形容詞,自立,*,*,形容詞・イ段,連用タ接続,待ち遠しい,マチドオシカッ,マチドーシカッ	0.000360100828231905
物理	名詞,一般,*,*,*,*,*,*,*,Wikipedia	0.000360100828231905
子ども	名詞,一般,*,*,*,*,*,*,*,Wikipedia	0.000360100828231905
復習	名詞,サ変接続,*,*,*,*,復習,フクシュウ,フクシュー	0.000360100828231905
作戦	名詞,一般,*,*,*,*,*,*,*,Wikipedia	0.000360100828231905
会いたかった	名詞,一般,*,*,*,*,*,*,*,Wikipedia	0.000360100828231905
:(；	名詞,サ変接続,*,*,*,*,*	0.000360100828231905
洗車	名詞,一般,*,*,*,*,*,*,*,Wikipedia	0.000360100828231905
仙台	名詞,一般,*,*,*,*,*,*,*,Wikipedia	0.000360100828231905
春の嵐	名詞,一般,*,*,*,*,*,*,*,Wikipedia	0.000360100828231905
もう一度	名詞,一般,*,*,*,*,*,*,*,Wikipedia	0.000360100828231905
)｢	名詞,サ変接続,*,*,*,*,*	0.000360100828231905
ユーキャン	名詞,一般,*,*,*,*,*,*,*,Wikipedia	0.000360100828231905
富士山	名詞,一般,*,*,*,*,*,*,*,Wikipedia	0.000360100828231905
イマ	名詞,一般,*,*,*,*,*,*,*,Wikipedia	0.000360100828231905
とおる	名詞,一般,*,*,*,*,*,*,*,Wikipedia	0.000360100828231905
金髪	名詞,一般,*,*,*,*,*,*,*,Wikipedia	0.000360100828231905
二次会	名詞,一般,*,*,*,*,二次会,ニジカイ,ニジカイ	0.000360100828231905
･)(･	名詞,サ変接続,*,*,*,*,*	0.000360100828231905
パナソニック	名詞,一般,*,*,*,*,*,*,*,Wikipedia	0.000360100828231905
個人旅行	名詞,一般,*,*,*,*,*,*,*,Wikipedia	0.000360100828231905
帰省	名詞,一般,*,*,*,*,*,*,*,Wikipedia	0.000360100828231905
名義	名詞,一般,*,*,*,*,*,*,*,Wikipedia	0.000360100828231905
カントー	名詞,一般,*,*,*,*,*,*,*,Wikipedia	0.000360100828231905
抹茶	名詞,一般,*,*,*,*,*,*,*,Wikipedia	0.000360100828231905
もう二度と	名詞,一般,*,*,*,*,*,*,*,Wikipedia	0.000360100828231905
月曜日	名詞,一般,*,*,*,*,*,*,*,Wikipedia	0.000360100828231905
クラスタ	名詞,一般,*,*,*,*,*,*,*,Wikipedia	0.000360100828231905
そん	名詞,一般,*,*,*,*,そん,ソン,ソン	0.000360100828231905
帰ろうかな	名詞,一般,*,*,*,*,*,*,*,Wikipedia	0.000360100828231905
マリア	名詞,一般,*,*,*,*,*,*,*,Wikipedia	0.000360100828231905
ファイト	名詞,一般,*,*,*,*,*,*,*,Wikipedia	0.000360100828231905
せんべい	名詞,一般,*,*,*,*,*,*,*,Wikipedia	0.000360100828231905
湯船	名詞,一般,*,*,*,*,*,*,*,Wikipedia	0.000360100828231905
イケメン	名詞,一般,*,*,*,*,*,*,*,Wikipedia	0.000360100828231905
キレイだ	名詞,一般,*,*,*,*,*,*,*,Wikipedia	0.000360100828231905
プレステ3	名詞,一般,*,*,*,*,*,*,*,Wikipedia	0.000360100828231905
かな	名詞,一般,*,*,*,*,かな,カナ,カナ	0.000360100828231905
自炊	名詞,一般,*,*,*,*,*,*,*,Wikipedia	0.000360100828231905
つま	名詞,一般,*,*,*,*,*,*,*,Wikipedia	0.000360100828231905
明後日	名詞,一般,*,*,*,*,*,*,*,Wikipedia	0.000360100828231905
モノ	名詞,一般,*,*,*,*,*,*,*,Wikipedia	0.000360100828231905
ブルーシール	名詞,一般,*,*,*,*,*,*,*,Wikipedia	0.000360100828231905
欲しかっ	形容詞,自立,*,*,形容詞・イ段,連用タ接続,欲しい,ホシカッ,ホシカッ	0.000360100828231905
イケ	名詞,一般,*,*,*,*,*	0.000360100828231905
あと	名詞,副詞可能,*,*,*,*,あと,アト,アト	0.000360100828231905
合間	名詞,一般,*,*,*,*,合間,アイマ,アイマ	0.000360100828231905
いくら	名詞,一般,*,*,*,*,*,*,*,Wikipedia	0.000360100828231905
男の子	名詞,一般,*,*,*,*,*,*,*,Wikipedia	0.000360100828231905
検索	名詞,一般,*,*,*,*,*,*,*,Wikipedia	0.000360100828231905
かわ	名詞,一般,*,*,*,*,*,*,*,Wikipedia	0.000360100828231905
杜の都	名詞,一般,*,*,*,*,*,*,*,Wikipedia	0.000360100828231905
バーゲン	名詞,一般,*,*,*,*,*,*,*,Wikipedia	0.000360100828231905
お前	名詞,代名詞,一般,*,*,*,お前,オマエ,オマエ	0.000360100828231905
くない	名詞,一般,*,*,*,*,*,*,*,Wikipedia	0.000360100828231905
イッシュ地方	名詞,一般,*,*,*,*,*,*,*,Wikipedia	0.000360100828231905
がた	名詞,一般,*,*,*,*,がた,ガタ,ガタ	0.000360100828231905
佐川	名詞,一般,*,*,*,*,*,*,*,Wikipedia	0.000360100828231905
ギャラクシー	名詞,一般,*,*,*,*,*,*,*,Wikipedia	0.000360100828231905
ワンカップ	名詞,一般,*,*,*,*,*,*,*,Wikipedia	0.000360100828231905
土曜	名詞,一般,*,*,*,*,*,*,*,Wikipedia	0.000360100828231905
小倉	名詞,一般,*,*,*,*,*,*,*,Wikipedia	0.000360100828231905
危なかっ	形容詞,自立,*,*,形容詞・アウオ段,連用タ接続,危ない,アブナカッ,アブナカッ	0.000360100828231905
スタバ	名詞,一般,*,*,*,*,*,*,*,Wikipedia	0.000360100828231905
バックアップ	名詞,一般,*,*,*,*,*,*,*,Wikipedia	0.000360100828231905
エア	名詞,一般,*,*,*,*,*,*,*,Wikipedia	0.000360100828231905
楽しく	形容詞,自立,*,*,形容詞・イ段,連用テ接続,楽しい,タノシク,タノシク	0.000360100828231905
満喫	名詞,サ変接続,*,*,*,*,満喫,マンキツ,マンキツ	0.000360100828231905
心変わり	名詞,一般,*,*,*,*,*,*,*,Wikipedia	0.000360100828231905
松岡修造	名詞,一般,*,*,*,*,*,*,*,Wikipedia	0.000360100828231905
ユーティリティソフト	名詞,一般,*,*,*,*,*,*,*,Wikipedia	0.000360100828231905
電波	名詞,一般,*,*,*,*,*,*,*,Wikipedia	0.000360100828231905
ディズニー	名詞,一般,*,*,*,*,*,*,*,Wikipedia	0.000360100828231905
確保	名詞,サ変接続,*,*,*,*,確保,カクホ,カクホ	0.000360100828231905
ツン	名詞,一般,*,*,*,*,*,*,*,Wikipedia	0.000360100828231905
カステラ	名詞,一般,*,*,*,*,*,*,*,Wikipedia	0.000360100828231905
コンタクト	名詞,一般,*,*,*,*,*,*,*,Wikipedia	0.000360100828231905
初体験	名詞,一般,*,*,*,*,*,*,*,Wikipedia	0.000360100828231905
のこ	名詞,一般,*,*,*,*,*,*,*,Wikipedia	0.000360100828231905
給料	名詞,一般,*,*,*,*,*,*,*,Wikipedia	0.000360100828231905
摂取	名詞,一般,*,*,*,*,*,*,*,Wikipedia	0.000360100828231905
小さい	名詞,一般,*,*,*,*,*,*,*,Wikipedia	0.000360100828231905
無かっ	形容詞,自立,*,*,形容詞・アウオ段,連用タ接続,無い,ナカッ,ナカッ	0.000360100828231905
きた	名詞,一般,*,*,*,*,きた,キタ,キタ	0.000360100828231905
確定申告	名詞,一般,*,*,*,*,*,*,*,Wikipedia	0.000360100828231905
年末年始	名詞,一般,*,*,*,*,*,*,*,Wikipedia	0.000360100828231905
ハリー	名詞,一般,*,*,*,*,*,*,*,Wikipedia	0.000360100828231905
ガイアの夜明け	名詞,一般,*,*,*,*,*,*,*,Wikipedia	0.000360100828231905
エンジェル	名詞,一般,*,*,*,*,*,*,*,Wikipedia	0.000360100828231905
髪型	名詞,一般,*,*,*,*,*,*,*,Wikipedia	0.000360100828231905
チャ	名詞,一般,*,*,*,*,*,*,*,Wikipedia	0.000360100828231905
威力	名詞,一般,*,*,*,*,威力,イリョク,イリョク	0.000360100828231905
先駆者	名詞,一般,*,*,*,*,*,*,*,Wikipedia	0.000360100828231905
滑り	名詞,一般,*,*,*,*,*,*,*,Wikipedia	0.000360100828231905
はし	名詞,一般,*,*,*,*,*,*,*,Wikipedia	0.000360100828231905
お店	名詞,一般,*,*,*,*,*,*,*,Wikipedia	0.000360100828231905
普天間神宮	名詞,一般,*,*,*,*,*,*,*,Wikipedia	0.000360100828231905
補正	名詞,サ変接続,*,*,*,*,補正,ホセイ,ホセイ	0.000360100828231905
予感	名詞,一般,*,*,*,*,*,*,*,Wikipedia	0.000360100828231905
飛ぶ	名詞,一般,*,*,*,*,*,*,*,Wikipedia	0.000360100828231905
初夏	名詞,一般,*,*,*,*,*,*,*,Wikipedia	0.000360100828231905
ツキ	名詞,一般,*,*,*,*,*,*,*,Wikipedia	0.000360100828231905
カーサ	名詞,一般,*,*,*,*,*,*,*,Wikipedia	0.000360100828231905
日程	名詞,一般,*,*,*,*,日程,ニッテイ,ニッテイ	0.000360100828231905
(∞*･	名詞,サ変接続,*,*,*,*,*	0.000360100828231905
以来	名詞,副詞可能,*,*,*,*,以来,イライ,イライ	0.000360100828231905
ギリギリ	名詞,形容動詞語幹,*,*,*,*,ギリギリ,ギリギリ,ギリギリ	0.000360100828231905
ぱー	名詞,一般,*,*,*,*,*,*,*,Wikipedia	0.000360100828231905
明るく	形容詞,自立,*,*,形容詞・アウオ段,連用テ接続,明るい,アカルク,アカルク	0.000360100828231905
可愛い	名詞,一般,*,*,*,*,*,*,*,Wikipedia	0.000360100828231905
自覚	名詞,一般,*,*,*,*,*,*,*,Wikipedia	0.000360100828231905
お弁当	名詞,一般,*,*,*,*,*,*,*,Wikipedia	0.000360100828231905
どれ	名詞,代名詞,一般,*,*,*,どれ,ドレ,ドレ	0.000360100828231905
分析	名詞,一般,*,*,*,*,*,*,*,Wikipedia	0.000360100828231905
かよ	名詞,一般,*,*,*,*,*,*,*,Wikipedia	0.000360100828231905
認識	名詞,一般,*,*,*,*,*,*,*,Wikipedia	0.000360100828231905
表情	名詞,一般,*,*,*,*,*,*,*,Wikipedia	0.000360100828231905
女装	名詞,一般,*,*,*,*,*,*,*,Wikipedia	0.000360100828231905
愛人	名詞,一般,*,*,*,*,*,*,*,Wikipedia	0.000360100828231905
採用	名詞,一般,*,*,*,*,*,*,*,Wikipedia	0.000360100828231905
入居	名詞,サ変接続,*,*,*,*,入居,ニュウキョ,ニューキョ	0.000360100828231905
上野	名詞,一般,*,*,*,*,*,*,*,Wikipedia	0.000360100828231905
紹介	名詞,一般,*,*,*,*,*,*,*,Wikipedia	0.000360100828231905
パネェ	名詞,一般,*,*,*,*,*	0.000360100828231905
顔出し	名詞,一般,*,*,*,*,顔出し,カオダシ,カオダシ	0.000360100828231905
地球	名詞,一般,*,*,*,*,*,*,*,Wikipedia	0.000360100828231905
構築	名詞,サ変接続,*,*,*,*,構築,コウチク,コーチク	0.000360100828231905
ﾈﾑｲ	名詞,一般,*,*,*,*,*	0.000360100828231905
大きめ	名詞,一般,*,*,*,*,大きめ,オオキメ,オーキメ	0.000360100828231905
スポーツ	名詞,一般,*,*,*,*,*,*,*,Wikipedia	0.000360100828231905
薄着	名詞,サ変接続,*,*,*,*,薄着,ウスギ,ウスギ	0.000360100828231905
たか	名詞,一般,*,*,*,*,*,*,*,Wikipedia	0.000360100828231905
爪切り	名詞,一般,*,*,*,*,*,*,*,Wikipedia	0.000360100828231905
上条	名詞,固有名詞,人名,姓,*,*,上条,カミジョウ,カミジョー	0.000360100828231905
遅し	形容詞,自立,*,*,形容詞・アウオ段,文語基本形,遅い,オソシ,オソシ	0.000360100828231905
独断	名詞,サ変接続,*,*,*,*,独断,ドクダン,ドクダン	0.000360100828231905
コロコロ	名詞,一般,*,*,*,*,*,*,*,Wikipedia	0.000360100828231905
極性	名詞,一般,*,*,*,*,*,*,*,Wikipedia	0.000360100828231905
年間	名詞,一般,*,*,*,*,年間,ネンカン,ネンカン	0.000360100828231905
まおゆう	名詞,一般,*,*,*,*,*,*,*,Wikipedia	0.000360100828231905
片道	名詞,一般,*,*,*,*,片道,カタミチ,カタミチ	0.000360100828231905
リッチ	名詞,一般,*,*,*,*,*,*,*,Wikipedia	0.000360100828231905
シャレ	名詞,一般,*,*,*,*,*,*,*,Wikipedia	0.000360100828231905
椅子	名詞,一般,*,*,*,*,*,*,*,Wikipedia	0.000360100828231905
宅配便	名詞,一般,*,*,*,*,*,*,*,Wikipedia	0.000360100828231905
おつ	名詞,一般,*,*,*,*,*,*,*,Wikipedia	0.000360100828231905
ホタル	名詞,一般,*,*,*,*,*,*,*,Wikipedia	0.000360100828231905
許さない	名詞,一般,*,*,*,*,*,*,*,Wikipedia	0.000360100828231905
ヴァンガード	名詞,一般,*,*,*,*,*,*,*,Wikipedia	0.000360100828231905
提出	名詞,サ変接続,*,*,*,*,提出,テイシュツ,テイシュツ	0.000360100828231905
らん	名詞,一般,*,*,*,*,*,*,*,Wikipedia	0.000360100828231905
地元	名詞,一般,*,*,*,*,地元,ジモト,ジモト	0.000360100828231905
日用品	名詞,一般,*,*,*,*,*,*,*,Wikipedia	0.000360100828231905
ふろ	名詞,一般,*,*,*,*,*,*,*,Wikipedia	0.000360100828231905
搭乗	名詞,一般,*,*,*,*,*,*,*,Wikipedia	0.000360100828231905
けし	名詞,一般,*,*,*,*,*,*,*,Wikipedia	0.000360100828231905
ケレ	名詞,一般,*,*,*,*,*,*,*,Wikipedia	0.000360100828231905
イエティ	名詞,一般,*,*,*,*,*,*,*,Wikipedia	0.000360100828231905
六本木	名詞,一般,*,*,*,*,*,*,*,Wikipedia	0.000360100828231905
キレイ	名詞,形容動詞語幹,*,*,*,*,キレイ,キレイ,キレイ	0.000360100828231905
炎上	名詞,一般,*,*,*,*,*,*,*,Wikipedia	0.000360100828231905
ゴミ箱	名詞,一般,*,*,*,*,*,*,*,Wikipedia	0.000360100828231905
たくさん	名詞,副詞可能,*,*,*,*,たくさん,タクサン,タクサン	0.000360100828231905
しそ	名詞,一般,*,*,*,*,*,*,*,Wikipedia	0.000360100828231905
よろしくお願いします	名詞,一般,*,*,*,*,*,*,*,Wikipedia	0.000360100828231905
光景	名詞,一般,*,*,*,*,光景,コウケイ,コーケイ	0.000360100828231905
同時	名詞,一般,*,*,*,*,同時,ドウジ,ドージ	0.000360100828231905
修了	名詞,一般,*,*,*,*,*,*,*,Wikipedia	0.000360100828231905
放題	名詞,接尾,一般,*,*,*,放題,ホウダイ,ホーダイ	0.000360100828231905
海洋深層水	名詞,一般,*,*,*,*,*,*,*,Wikipedia	0.000360100828231905
ホームラン	名詞,一般,*,*,*,*,*,*,*,Wikipedia	0.000360100828231905
ゲーム機	名詞,一般,*,*,*,*,*,*,*,Wikipedia	0.000360100828231905
エネループ	名詞,一般,*,*,*,*,*,*,*,Wikipedia	0.000360100828231905
さくら荘	名詞,一般,*,*,*,*,*,*,*,Wikipedia	0.000360100828231905
ジャケット	名詞,一般,*,*,*,*,*,*,*,Wikipedia	0.000360100828231905
様子	名詞,一般,*,*,*,*,*,*,*,Wikipedia	0.000360100828231905
面倒く	形容詞,自立,*,*,形容詞・アウオ段,連用テ接続,面倒い,メンドウク,メンドーク	0.000360100828231905
ぶん	名詞,一般,*,*,*,*,*,*,*,Wikipedia	0.000360100828231905
早く	名詞,一般,*,*,*,*,早く,ハヤク,ハヤク	0.000360100828231905
大事	名詞,形容動詞語幹,*,*,*,*,大事,ダイジ,ダイジ	0.000360100828231905
ポケット	名詞,一般,*,*,*,*,*,*,*,Wikipedia	0.000360100828231905
空っぽ	名詞,一般,*,*,*,*,空っぽ,カラッポ,カラッポ	0.000360100828231905
ついで	名詞,一般,*,*,*,*,ついで,ツイデ,ツイデ	0.000360100828231905
出来事	名詞,一般,*,*,*,*,*,*,*,Wikipedia	0.000360100828231905
お家	名詞,一般,*,*,*,*,お家,オイエ,オイエ	0.000360100828231905
組立	名詞,一般,*,*,*,*,組立,クミタテ,クミタテ	0.000360100828231905
￣)	名詞,サ変接続,*,*,*,*,*	0.000360100828231905
決定	名詞,一般,*,*,*,*,*,*,*,Wikipedia	0.000360100828231905
今週	名詞,副詞可能,*,*,*,*,今週,コンシュウ,コンシュー	0.000360100828231905
変化	名詞,一般,*,*,*,*,*,*,*,Wikipedia	0.000360100828231905
東京駅	名詞,一般,*,*,*,*,*,*,*,Wikipedia	0.000360100828231905
ｶﾞｵｰ	名詞,一般,*,*,*,*,*	0.000360100828231905
有効	名詞,一般,*,*,*,*,*,*,*,Wikipedia	0.000360100828231905
カロ	名詞,一般,*,*,*,*,*,*,*,Wikipedia	0.000360100828231905
用意	名詞,サ変接続,*,*,*,*,用意,ヨウイ,ヨーイ	0.000360100828231905
想像	名詞,一般,*,*,*,*,*,*,*,Wikipedia	0.000360100828231905
全力	名詞,一般,*,*,*,*,全力,ゼンリョク,ゼンリョク	0.000360100828231905
可愛かっ	形容詞,自立,*,*,形容詞・イ段,連用タ接続,可愛い,カワイカッ,カワイカッ	0.000360100828231905
短かっ	形容詞,自立,*,*,形容詞・アウオ段,連用タ接続,短い,ミジカカッ,ミジカカッ	0.000360100828231905
遅れ	名詞,一般,*,*,*,*,遅れ,オクレ,オクレ	0.000360100828231905
スーツ	名詞,一般,*,*,*,*,*,*,*,Wikipedia	0.000360100828231905
運賃	名詞,一般,*,*,*,*,*,*,*,Wikipedia	0.000360100828231905
感想	名詞,一般,*,*,*,*,*,*,*,Wikipedia	0.000360100828231905
くれない	名詞,一般,*,*,*,*,*,*,*,Wikipedia	0.000360100828231905
ああ	名詞,一般,*,*,*,*,*,*,*,Wikipedia	0.000360100828231905
面白かっ	形容詞,自立,*,*,形容詞・アウオ段,連用タ接続,面白い,オモシロカッ,オモシロカッ	0.000360100828231905
ｻﾝｷｭｰ	名詞,一般,*,*,*,*,*	0.000360100828231905
スレ	名詞,一般,*,*,*,*,*,*,*,Wikipedia	0.000360100828231905
単位	名詞,一般,*,*,*,*,*,*,*,Wikipedia	0.000360100828231905
板尾	名詞,固有名詞,地域,一般,*,*,板尾,イタオ,イタオ	0.000360100828231905
優先	名詞,一般,*,*,*,*,*,*,*,Wikipedia	0.000360100828231905
映画館	名詞,一般,*,*,*,*,*,*,*,Wikipedia	0.000360100828231905
小雨	名詞,一般,*,*,*,*,*,*,*,Wikipedia	0.000360100828231905
やな	名詞,一般,*,*,*,*,*,*,*,Wikipedia	0.000360100828231905
素直	名詞,形容動詞語幹,*,*,*,*,素直,スナオ,スナオ	0.000360100828231905
時計	名詞,一般,*,*,*,*,*,*,*,Wikipedia	0.000360100828231905
天気予報	名詞,一般,*,*,*,*,*,*,*,Wikipedia	0.000360100828231905
恥ずかし	形容詞,自立,*,*,形容詞・イ段,ガル接続,恥ずかしい,ハズカシ,ハズカシ	0.000360100828231905
あちこち	名詞,代名詞,一般,*,*,*,あちこち,アチコチ,アチコチ	0.000360100828231905
やきとり	名詞,一般,*,*,*,*,*,*,*,Wikipedia	0.000360100828231905
明け	名詞,接尾,一般,*,*,*,明け,アケ,アケ	0.000360100828231905
拡張	名詞,サ変接続,*,*,*,*,拡張,カクチョウ,カクチョー	0.000360100828231905
社畜	名詞,一般,*,*,*,*,*,*,*,Wikipedia	0.000360100828231905
数値	名詞,一般,*,*,*,*,*,*,*,Wikipedia	0.000360100828231905
ググる	名詞,一般,*,*,*,*,*,*,*,Wikipedia	0.000360100828231905
高校	名詞,一般,*,*,*,*,*,*,*,Wikipedia	0.000360100828231905
アメリカ	名詞,一般,*,*,*,*,*,*,*,Wikipedia	0.000360100828231905
もう少し	名詞,一般,*,*,*,*,*,*,*,Wikipedia	0.000360100828231905
思いの外	名詞,一般,*,*,*,*,思いの外,オモイノホカ,オモイノホカ	0.000360100828231905
暮らし	名詞,一般,*,*,*,*,暮らし,クラシ,クラシ	0.000360100828231905
ソーリー	名詞,一般,*,*,*,*,*,*,*,Wikipedia	0.000360100828231905
住民票	名詞,一般,*,*,*,*,*,*,*,Wikipedia	0.000360100828231905
ひゅうが	名詞,一般,*,*,*,*,*,*,*,Wikipedia	0.000360100828231905
ゼロ	名詞,一般,*,*,*,*,*,*,*,Wikipedia	0.000360100828231905
おき	名詞,一般,*,*,*,*,*,*,*,Wikipedia	0.000360100828231905
つぶ	名詞,一般,*,*,*,*,*,*,*,Wikipedia	0.000360100828231905
いくつ	名詞,代名詞,一般,*,*,*,いくつ,イクツ,イクツ	0.000360100828231905
フジテレビ	名詞,一般,*,*,*,*,*,*,*,Wikipedia	0.000360100828231905
息切れ	名詞,一般,*,*,*,*,*,*,*,Wikipedia	0.000360100828231905
キーボード	名詞,一般,*,*,*,*,*,*,*,Wikipedia	0.000360100828231905
記憶	名詞,一般,*,*,*,*,*,*,*,Wikipedia	0.000360100828231905
講座	名詞,一般,*,*,*,*,*,*,*,Wikipedia	0.000360100828231905
発見	名詞,一般,*,*,*,*,*,*,*,Wikipedia	0.000360100828231905
文章	名詞,一般,*,*,*,*,*,*,*,Wikipedia	0.000360100828231905
なんだかんだ	名詞,一般,*,*,*,*,*,*,*,Wikipedia	0.000360100828231905
パソコン	名詞,一般,*,*,*,*,*,*,*,Wikipedia	0.000360100828231905
取り柄	名詞,一般,*,*,*,*,取り柄,トリエ,トリエ	0.000360100828231905
シンクロ	名詞,一般,*,*,*,*,*,*,*,Wikipedia	0.000360100828231905
ソース	名詞,一般,*,*,*,*,*,*,*,Wikipedia	0.000360100828231905
止め	名詞,一般,*,*,*,*,止め,トメ,トメ	0.000360100828231905
工学部	名詞,一般,*,*,*,*,*,*,*,Wikipedia	0.000360100828231905
ボールペン	名詞,一般,*,*,*,*,*,*,*,Wikipedia	0.000360100828231905
しゅしゅ	名詞,一般,*,*,*,*,*,*,*,Wikipedia	0.000360100828231905
ジャマイカ	名詞,一般,*,*,*,*,*,*,*,Wikipedia	0.000360100828231905
誰かが	名詞,一般,*,*,*,*,*,*,*,Wikipedia	0.000360100828231905
ログ	名詞,一般,*,*,*,*,*,*,*,Wikipedia	0.000360100828231905
連鎖	名詞,一般,*,*,*,*,*,*,*,Wikipedia	0.000360100828231905
リスト	名詞,一般,*,*,*,*,*,*,*,Wikipedia	0.000360100828231905
ｸﾞｽﾝ	名詞,一般,*,*,*,*,*	0.000360100828231905
禁煙席	名詞,一般,*,*,*,*,*,*,*,Wikipedia	0.000360100828231905
なんだろう	名詞,一般,*,*,*,*,*,*,*,Wikipedia	0.000360100828231905
家賃	名詞,一般,*,*,*,*,*,*,*,Wikipedia	0.000360100828231905
危機	名詞,一般,*,*,*,*,*,*,*,Wikipedia	0.000360100828231905
珠緒	名詞,固有名詞,人名,名,*,*,珠緒,タマオ,タマオ	0.000360100828231905
広め	名詞,一般,*,*,*,*,広め,ヒロメ,ヒロメ	0.000360100828231905
航空券	名詞,一般,*,*,*,*,*,*,*,Wikipedia	0.000360100828231905
かい	名詞,一般,*,*,*,*,*,*,*,Wikipedia	0.000360100828231905
仕事	名詞,一般,*,*,*,*,*,*,*,Wikipedia	0.000360100828231905
ぼく	名詞,一般,*,*,*,*,*,*,*,Wikipedia	0.000360100828231905
盛大	名詞,形容動詞語幹,*,*,*,*,盛大,セイダイ,セイダイ	0.000360100828231905
家へ帰ろう	名詞,一般,*,*,*,*,*,*,*,Wikipedia	0.000360100828231905
シモ	名詞,固有名詞,一般,*,*,*,シモ,シモ,シモ	0.000360100828231905
あべべ	名詞,一般,*,*,*,*,*,*,*,Wikipedia	0.000360100828231905
研究	名詞,一般,*,*,*,*,*,*,*,Wikipedia	0.000360100828231905
激高	名詞,一般,*,*,*,*,*,*,*,Wikipedia	0.000360100828231905
バカヤロー	名詞,一般,*,*,*,*,*,*,*,Wikipedia	0.000360100828231905
空気	名詞,一般,*,*,*,*,*,*,*,Wikipedia	0.000360100828231905
すん	名詞,一般,*,*,*,*,*,*,*,Wikipedia	0.000360100828231905
週間	名詞,一般,*,*,*,*,*,*,*,Wikipedia	0.000360100828231905
ロケット団	名詞,一般,*,*,*,*,*,*,*,Wikipedia	0.000360100828231905
ラブリー	名詞,一般,*,*,*,*,*,*,*,Wikipedia	0.000360100828231905
快晴	名詞,一般,*,*,*,*,*,*,*,Wikipedia	0.000360100828231905
スーパープレゼンテーション	名詞,一般,*,*,*,*,*,*,*,Wikipedia	0.000360100828231905
ファン	名詞,一般,*,*,*,*,*,*,*,Wikipedia	0.000360100828231905
ルル	名詞,一般,*,*,*,*,*,*,*,Wikipedia	0.000360100828231905
雰囲気	名詞,一般,*,*,*,*,*,*,*,Wikipedia	0.000360100828231905
味噌	名詞,一般,*,*,*,*,*,*,*,Wikipedia	0.000360100828231905
べし	名詞,一般,*,*,*,*,*,*,*,Wikipedia	0.000360100828231905
メッシ	名詞,一般,*,*,*,*,*,*,*,Wikipedia	0.000360100828231905
ベスト	名詞,一般,*,*,*,*,*,*,*,Wikipedia	0.000360100828231905
落ち	名詞,一般,*,*,*,*,*,*,*,Wikipedia	0.000360100828231905
かし	名詞,一般,*,*,*,*,*,*,*,Wikipedia	0.000360100828231905
；∀；)。	名詞,サ変接続,*,*,*,*,*	0.000360100828231905
畳石	名詞,固有名詞,地域,一般,*,*,畳石,タタミイシ,タタミイシ	0.000360100828231905
ﾜｸﾜｸ	名詞,一般,*,*,*,*,*	0.000360100828231905
楽しみ	名詞,一般,*,*,*,*,楽しみ,タノシミ,タノシミ	0.000360100828231905
最初	名詞,一般,*,*,*,*,*,*,*,Wikipedia	0.000360100828231905
待ち	名詞,接尾,一般,*,*,*,待ち,マチ,マチ	0.000360100828231905
てら	名詞,一般,*,*,*,*,*,*,*,Wikipedia	0.000360100828231905
デザイン	名詞,一般,*,*,*,*,*,*,*,Wikipedia	0.000360100828231905
すか	名詞,一般,*,*,*,*,*,*,*,Wikipedia	0.000360100828231905
読み	名詞,一般,*,*,*,*,*,*,*,Wikipedia	0.000360100828231905
パワー	名詞,一般,*,*,*,*,*,*,*,Wikipedia	0.000360100828231905
寂しく	形容詞,自立,*,*,形容詞・イ段,連用テ接続,寂しい,サビシク,サビシク	0.000360100828231905
ベストタイム	名詞,一般,*,*,*,*,*,*,*,Wikipedia	0.000360100828231905
仕組み	名詞,一般,*,*,*,*,仕組み,シクミ,シクミ	0.000360100828231905
御礼	名詞,サ変接続,*,*,*,*,御礼,オレイ,オレイ	0.000360100828231905
周辺	名詞,一般,*,*,*,*,*,*,*,Wikipedia	0.000360100828231905
シーン	名詞,一般,*,*,*,*,*,*,*,Wikipedia	0.000360100828231905
休日	名詞,一般,*,*,*,*,*,*,*,Wikipedia	0.000360100828231905
天気雨	名詞,一般,*,*,*,*,*,*,*,Wikipedia	0.000360100828231905
乾燥	名詞,一般,*,*,*,*,*,*,*,Wikipedia	0.000360100828231905
舞い	名詞,一般,*,*,*,*,*,*,*,Wikipedia	0.000360100828231905
ホワイトボード	名詞,一般,*,*,*,*,*,*,*,Wikipedia	0.000360100828231905
月末	名詞,副詞可能,*,*,*,*,月末,ゲツマツ,ゲツマツ	0.000360100828231905
女子力	名詞,一般,*,*,*,*,*,*,*,Wikipedia	0.000360100828231905
たみ	名詞,固有名詞,人名,名,*,*,たみ,タミ,タミ	0.000360100828231905
ヴァル	名詞,一般,*,*,*,*,*,*,*,Wikipedia	0.000360100828231905
すぎ	名詞,接尾,副詞可能,*,*,*,すぎ,スギ,スギ	0.000360100828231905
マイ	名詞,一般,*,*,*,*,*,*,*,Wikipedia	0.000360100828231905
カップル	名詞,一般,*,*,*,*,*,*,*,Wikipedia	0.000360100828231905
やす	名詞,一般,*,*,*,*,*,*,*,Wikipedia	0.000360100828231905
髪切り	名詞,一般,*,*,*,*,*,*,*,Wikipedia	0.000360100828231905
携帯	名詞,一般,*,*,*,*,*,*,*,Wikipedia	0.000360100828231905
進数	名詞,一般,*,*,*,*,*,*,*,Wikipedia	0.000360100828231905
たね	名詞,一般,*,*,*,*,*,*,*,Wikipedia	0.000360100828231905
利用	名詞,一般,*,*,*,*,*,*,*,Wikipedia	0.000360100828231905
マセンヨウニ	名詞,一般,*,*,*,*,*	0.000360100828231905
夜行性	名詞,一般,*,*,*,*,*,*,*,Wikipedia	0.000360100828231905
うまかっ	形容詞,自立,*,*,形容詞・アウオ段,連用タ接続,うまい,ウマカッ,ウマカッ	0.000360100828231905
バッテリー	名詞,一般,*,*,*,*,*,*,*,Wikipedia	0.000360100828231905
過ぎ	名詞,接尾,副詞可能,*,*,*,過ぎ,スギ,スギ	0.000360100828231905
問題児	名詞,一般,*,*,*,*,*,*,*,Wikipedia	0.000360100828231905
トクホ	名詞,一般,*,*,*,*,*,*,*,Wikipedia	0.000360100828231905
ワンチャン	名詞,一般,*,*,*,*,*,*,*,Wikipedia	0.000360100828231905
引きこもり	名詞,一般,*,*,*,*,*,*,*,Wikipedia	0.000360100828231905
那覇空港	名詞,一般,*,*,*,*,*,*,*,Wikipedia	0.000360100828231905
行動	名詞,一般,*,*,*,*,*,*,*,Wikipedia	0.000360100828231905
時期	名詞,副詞可能,*,*,*,*,時期,ジキ,ジキ	0.000360100828231905
思考	名詞,一般,*,*,*,*,*,*,*,Wikipedia	0.000360100828231905
データマイニング	名詞,一般,*,*,*,*,*,*,*,Wikipedia	0.000360100828231905
知識	名詞,一般,*,*,*,*,*,*,*,Wikipedia	0.000360100828231905
へん	名詞,一般,*,*,*,*,*,*,*,Wikipedia	0.000360100828231905
願い	名詞,一般,*,*,*,*,*,*,*,Wikipedia	0.000360100828231905
･)	名詞,サ変接続,*,*,*,*,*	0.000360100828231905
新宿西口	名詞,一般,*,*,*,*,*,*,*,Wikipedia	0.000360100828231905
いつか	名詞,一般,*,*,*,*,*,*,*,Wikipedia	0.000360100828231905
ミュウツー	名詞,一般,*,*,*,*,*,*,*,Wikipedia	0.000360100828231905
トラウマ	名詞,一般,*,*,*,*,*,*,*,Wikipedia	0.000360100828231905
(｢	名詞,サ変接続,*,*,*,*,*	0.000360100828231905
小さく	形容詞,自立,*,*,形容詞・アウオ段,連用テ接続,小さい,チイサク,チーサク	0.000360100828231905
ちあき	名詞,一般,*,*,*,*,*,*,*,Wikipedia	0.000360100828231905
紅芋	名詞,一般,*,*,*,*,*,*,*,Wikipedia	0.000360100828231905
飲み屋	名詞,一般,*,*,*,*,*,*,*,Wikipedia	0.000360100828231905
禁止	名詞,一般,*,*,*,*,*,*,*,Wikipedia	0.000360100828231905
ターミナル	名詞,一般,*,*,*,*,*,*,*,Wikipedia	0.000360100828231905
チュート	名詞,一般,*,*,*,*,*,*,*,Wikipedia	0.000360100828231905
おまわりさん	名詞,一般,*,*,*,*,*,*,*,Wikipedia	0.000360100828231905
ショップ	名詞,一般,*,*,*,*,*,*,*,Wikipedia	0.000360100828231905
私服	名詞,一般,*,*,*,*,*,*,*,Wikipedia	0.000360100828231905
日記	名詞,一般,*,*,*,*,*,*,*,Wikipedia	0.000360100828231905
相談	名詞,サ変接続,*,*,*,*,相談,ソウダン,ソーダン	0.000360100828231905
出し	名詞,接尾,一般,*,*,*,出し,ダシ,ダシ	0.000360100828231905
到着	名詞,一般,*,*,*,*,*,*,*,Wikipedia	0.000360100828231905
込み	名詞,一般,*,*,*,*,込み,コミ,コミ	0.000360100828231905
通天閣	名詞,一般,*,*,*,*,*,*,*,Wikipedia	0.000360100828231905
図書館	名詞,一般,*,*,*,*,*,*,*,Wikipedia	0.000360100828231905
にち	名詞,一般,*,*,*,*,*,*,*,Wikipedia	0.000360100828231905
デザイナー	名詞,一般,*,*,*,*,*,*,*,Wikipedia	0.000360100828231905
文化祭	名詞,一般,*,*,*,*,*,*,*,Wikipedia	0.000360100828231905
'):。	名詞,サ変接続,*,*,*,*,*	0.000360100828231905
っぱなし	名詞,接尾,一般,*,*,*,っぱなし,ッパナシ,ッパナシ	0.000360100828231905
危険	名詞,一般,*,*,*,*,*,*,*,Wikipedia	0.000360100828231905
ウマ	名詞,一般,*,*,*,*,*,*,*,Wikipedia	0.000360100828231905
ござ	名詞,一般,*,*,*,*,*,*,*,Wikipedia	0.000360100828231905
遊び	名詞,一般,*,*,*,*,*,*,*,Wikipedia	0.000360100828231905
間違い	名詞,ナイ形容詞語幹,*,*,*,*,間違い,マチガイ,マチガイ	0.000360100828231905
知らない	名詞,一般,*,*,*,*,*,*,*,Wikipedia	0.000360100828231905
先生	名詞,一般,*,*,*,*,*,*,*,Wikipedia	0.000360100828231905
えり	名詞,一般,*,*,*,*,*,*,*,Wikipedia	0.000360100828231905
ソフトクリーム	名詞,一般,*,*,*,*,*,*,*,Wikipedia	0.000360100828231905
復調	名詞,一般,*,*,*,*,*,*,*,Wikipedia	0.000360100828231905
女子高生	名詞,一般,*,*,*,*,*,*,*,Wikipedia	0.000360100828231905
しな	名詞,接尾,一般,*,*,*,しな,シナ,シナ	0.000360100828231905
組み合わせ	名詞,一般,*,*,*,*,*,*,*,Wikipedia	0.000360100828231905
大体	名詞,副詞可能,*,*,*,*,大体,ダイタイ,ダイタイ	0.000360100828231905
メカブ	名詞,一般,*,*,*,*,*,*,*,Wikipedia	0.000360100828231905
ストーリー	名詞,一般,*,*,*,*,*,*,*,Wikipedia	0.000360100828231905
りっちゃん	名詞,一般,*,*,*,*,*,*,*,Wikipedia	0.000360100828231905
真っ暗	名詞,形容動詞語幹,*,*,*,*,真っ暗,マックラ,マックラ	0.000360100828231905
喫茶マウンテン	名詞,一般,*,*,*,*,*,*,*,Wikipedia	0.000360100828231905
かわいい	名詞,一般,*,*,*,*,*,*,*,Wikipedia	0.000360100828231905
当番	名詞,一般,*,*,*,*,*,*,*,Wikipedia	0.000360100828231905
コンサート	名詞,一般,*,*,*,*,*,*,*,Wikipedia	0.000360100828231905
苦手	名詞,形容動詞語幹,*,*,*,*,苦手,ニガテ,ニガテ	0.000360100828231905
ニャル子さん	名詞,一般,*,*,*,*,*,*,*,Wikipedia	0.000360100828231905
しわ	名詞,一般,*,*,*,*,*,*,*,Wikipedia	0.000360100828231905
活用	名詞,一般,*,*,*,*,*,*,*,Wikipedia	0.000360100828231905
自転車旅行	名詞,一般,*,*,*,*,*,*,*,Wikipedia	0.000360100828231905
スピアー	名詞,一般,*,*,*,*,*,*,*,Wikipedia	0.000360100828231905
水割り	名詞,一般,*,*,*,*,*,*,*,Wikipedia	0.000360100828231905
三次元	名詞,一般,*,*,*,*,*,*,*,Wikipedia	0.000360100828231905
ロー	名詞,一般,*,*,*,*,*,*,*,Wikipedia	0.000360100828231905
目処	名詞,一般,*,*,*,*,目処,メド,メド	0.000360100828231905
問題解決	名詞,一般,*,*,*,*,*,*,*,Wikipedia	0.000360100828231905
さんきゅー	名詞,一般,*,*,*,*,*,*,*,Wikipedia	0.000360100828231905
本家	名詞,一般,*,*,*,*,*,*,*,Wikipedia	0.000360100828231905
冗談	名詞,一般,*,*,*,*,*,*,*,Wikipedia	0.000360100828231905
文化遺産	名詞,一般,*,*,*,*,*,*,*,Wikipedia	0.000360100828231905
凄く	形容詞,自立,*,*,形容詞・アウオ段,連用テ接続,凄い,スゴク,スゴク	0.000360100828231905
たる	名詞,一般,*,*,*,*,*,*,*,Wikipedia	0.000360100828231905
ルート	名詞,一般,*,*,*,*,*,*,*,Wikipedia	0.000360100828231905
出番	名詞,一般,*,*,*,*,出番,デバン,デバン	0.000360100828231905
つぶやき	名詞,一般,*,*,*,*,つぶやき,ツブヤキ,ツブヤキ	0.000360100828231905
すり	名詞,一般,*,*,*,*,*,*,*,Wikipedia	0.000360100828231905
対策	名詞,一般,*,*,*,*,*,*,*,Wikipedia	0.000360100828231905
初日	名詞,一般,*,*,*,*,*,*,*,Wikipedia	0.000360100828231905
サボイア	名詞,一般,*,*,*,*,*,*,*,Wikipedia	0.000360100828231905
開始	名詞,サ変接続,*,*,*,*,開始,カイシ,カイシ	0.000360100828231905
サテライト	名詞,一般,*,*,*,*,*,*,*,Wikipedia	0.000360100828231905
しんみり	名詞,サ変接続,*,*,*,*,しんみり,シンミリ,シンミリ	0.000360100828231905
ミスト	名詞,一般,*,*,*,*,*,*,*,Wikipedia	0.000360100828231905
違和感	名詞,一般,*,*,*,*,違和感,イワカン,イワカン	0.000360100828231905
寝坊	名詞,一般,*,*,*,*,寝坊,ネボウ,ネボー	0.000360100828231905
はち	名詞,一般,*,*,*,*,*,*,*,Wikipedia	0.000360100828231905
十分	名詞,形容動詞語幹,*,*,*,*,十分,ジュウブン,ジューブン	0.000360100828231905
さな	名詞,一般,*,*,*,*,*,*,*,Wikipedia	0.000360100828231905
ノー	名詞,一般,*,*,*,*,ノー,ノー,ノー	0.000360100828231905
迷子	名詞,一般,*,*,*,*,*,*,*,Wikipedia	0.000360100828231905
遅延	名詞,サ変接続,*,*,*,*,遅延,チエン,チエン	0.000360100828231905
まくり	名詞,一般,*,*,*,*,*,*,*,Wikipedia	0.000360100828231905
デザート	名詞,一般,*,*,*,*,*,*,*,Wikipedia	0.000360100828231905
バグ	名詞,一般,*,*,*,*,*,*,*,Wikipedia	0.000360100828231905
土曜日	名詞,一般,*,*,*,*,*,*,*,Wikipedia	0.000360100828231905
現金	名詞,一般,*,*,*,*,*,*,*,Wikipedia	0.000360100828231905
弁当	名詞,一般,*,*,*,*,*,*,*,Wikipedia	0.000360100828231905
晴れ	名詞,一般,*,*,*,*,*,*,*,Wikipedia	0.000360100828231905
ｶﾞﾝﾊﾞｯﾃｰ	名詞,一般,*,*,*,*,*	0.000360100828231905
友情	名詞,一般,*,*,*,*,*,*,*,Wikipedia	0.000360100828231905
所得	名詞,一般,*,*,*,*,*,*,*,Wikipedia	0.000360100828231905
理想	名詞,一般,*,*,*,*,*,*,*,Wikipedia	0.000360100828231905
校内	名詞,一般,*,*,*,*,校内,コウナイ,コーナイ	0.000360100828231905
追加	名詞,サ変接続,*,*,*,*,追加,ツイカ,ツイカ	0.000360100828231905
わん	名詞,一般,*,*,*,*,*,*,*,Wikipedia	0.000360100828231905
娯楽	名詞,一般,*,*,*,*,*,*,*,Wikipedia	0.000360100828231905
まる	名詞,一般,*,*,*,*,*,*,*,Wikipedia	0.000360100828231905
ボー	名詞,一般,*,*,*,*,*,*,*,Wikipedia	0.000360100828231905
ども	名詞,接尾,一般,*,*,*,ども,ドモ,ドモ	0.000360100828231905
ぱるる	名詞,一般,*,*,*,*,*,*,*,Wikipedia	0.000360100828231905
感動	名詞,サ変接続,*,*,*,*,感動,カンドウ,カンドー	0.000360100828231905
クロ	名詞,一般,*,*,*,*,*,*,*,Wikipedia	0.000360100828231905
おもしろい	形容詞,自立,*,*,形容詞・アウオ段,基本形,おもしろい,オモシロイ,オモシロイ	0.000360100828231905
(*´･	名詞,サ変接続,*,*,*,*,*	0.000360100828231905
疲労感	名詞,一般,*,*,*,*,*,*,*,Wikipedia	0.000360100828231905
ﾅｶｰﾏ	名詞,一般,*,*,*,*,*	0.000360100828231905
たけし	名詞,一般,*,*,*,*,*,*,*,Wikipedia	0.000360100828231905
特番	名詞,一般,*,*,*,*,*,*,*,Wikipedia	0.000360100828231905
専門店	名詞,一般,*,*,*,*,*,*,*,Wikipedia	0.000360100828231905
用事	名詞,一般,*,*,*,*,用事,ヨウジ,ヨージ	0.000360100828231905
同点	名詞,一般,*,*,*,*,同点,ドウテン,ドーテン	0.000360100828231905
スマップ	名詞,一般,*,*,*,*,*,*,*,Wikipedia	0.000360100828231905
芸人	名詞,一般,*,*,*,*,*,*,*,Wikipedia	0.000360100828231905
お茶会	名詞,一般,*,*,*,*,*,*,*,Wikipedia	0.000360100828231905
紀伊国屋	名詞,一般,*,*,*,*,*,*,*,Wikipedia	0.000360100828231905
セオリー	名詞,一般,*,*,*,*,*,*,*,Wikipedia	0.000360100828231905
サウス	名詞,一般,*,*,*,*,*,*,*,Wikipedia	0.000360100828231905
ーーー	名詞,一般,*,*,*,*,*	0.000360100828231905
おもろい	形容詞,自立,*,*,形容詞・アウオ段,基本形,おもろい,オモロイ,オモロイ	0.000360100828231905
辛い	形容詞,自立,*,*,形容詞・アウオ段,基本形,辛い,ツライ,ツライ	0.000360100828231905
チャンス	名詞,一般,*,*,*,*,*,*,*,Wikipedia	0.000360100828231905
中野	名詞,一般,*,*,*,*,*,*,*,Wikipedia	0.000360100828231905
チャイ	名詞,一般,*,*,*,*,*,*,*,Wikipedia	0.000360100828231905
ダイヤモンド☆ユカイ	名詞,一般,*,*,*,*,*,*,*,Wikipedia	0.000360100828231905
ケイ	名詞,一般,*,*,*,*,*,*,*,Wikipedia	0.000360100828231905
なさけない	形容詞,自立,*,*,形容詞・アウオ段,基本形,なさけない,ナサケナイ,ナサケナイ	0.000360100828231905
ぇる	名詞,一般,*,*,*,*,*	0.000360100828231905
なし	名詞,一般,*,*,*,*,*,*,*,Wikipedia	0.000360100828231905
皆様	名詞,一般,*,*,*,*,皆様,ミナサマ,ミナサマ	0.000360100828231905
ﾉｳﾜｧｧｧﾝ	名詞,一般,*,*,*,*,*	0.000360100828231905
朝飯	名詞,一般,*,*,*,*,朝飯,アサメシ,アサメシ	0.000360100828231905
会見	名詞,一般,*,*,*,*,*,*,*,Wikipedia	0.000360100828231905
不在	名詞,一般,*,*,*,*,不在,フザイ,フザイ	0.000360100828231905
積極	名詞,形容動詞語幹,*,*,*,*,積極,セッキョク,セッキョク	0.000360100828231905
缶切り	名詞,一般,*,*,*,*,*,*,*,Wikipedia	0.000360100828231905
にくい	形容詞,自立,*,*,形容詞・アウオ段,基本形,にくい,ニクイ,ニクイ	0.000360100828231905
アクション	名詞,一般,*,*,*,*,*,*,*,Wikipedia	0.000360100828231905
りの	名詞,一般,*,*,*,*,*,*,*,Wikipedia	0.000360100828231905
壮大	名詞,形容動詞語幹,*,*,*,*,壮大,ソウダイ,ソーダイ	0.000360100828231905
勿体無い	名詞,一般,*,*,*,*,*,*,*,Wikipedia	0.000360100828231905
仙台空港	名詞,一般,*,*,*,*,*,*,*,Wikipedia	0.000360100828231905
ボーカロイド	名詞,一般,*,*,*,*,*,*,*,Wikipedia	0.000360100828231905
安かっ	形容詞,自立,*,*,形容詞・アウオ段,連用タ接続,安い,ヤスカッ,ヤスカッ	0.000360100828231905
こなし	名詞,一般,*,*,*,*,*,*,*,Wikipedia	0.000360100828231905
危うく	形容詞,自立,*,*,形容詞・アウオ段,連用テ接続,危うい,アヤウク,アヤウク	0.000360100828231905
一昨日	名詞,一般,*,*,*,*,*,*,*,Wikipedia	0.000360100828231905
蹴り	名詞,一般,*,*,*,*,*,*,*,Wikipedia	0.000360100828231905
うこん	名詞,一般,*,*,*,*,*,*,*,Wikipedia	0.000360100828231905
まいまい	名詞,一般,*,*,*,*,*,*,*,Wikipedia	0.000360100828231905
すれ違い	名詞,一般,*,*,*,*,すれ違い,スレチガイ,スレチガイ	0.000360100828231905
交差点	名詞,一般,*,*,*,*,*,*,*,Wikipedia	0.000360100828231905
来月	名詞,副詞可能,*,*,*,*,来月,ライゲツ,ライゲツ	0.000360100828231905
レイトショー	名詞,一般,*,*,*,*,*,*,*,Wikipedia	0.000360100828231905
納豆	名詞,一般,*,*,*,*,*,*,*,Wikipedia	0.000360100828231905
掃除機	名詞,一般,*,*,*,*,*,*,*,Wikipedia	0.000360100828231905
食器	名詞,一般,*,*,*,*,*,*,*,Wikipedia	0.000360100828231905
リザードン	名詞,一般,*,*,*,*,*,*,*,Wikipedia	0.000360100828231905
喫煙	名詞,一般,*,*,*,*,*,*,*,Wikipedia	0.000360100828231905
出発	名詞,一般,*,*,*,*,*,*,*,Wikipedia	0.000360100828231905
体力	名詞,一般,*,*,*,*,*,*,*,Wikipedia	0.000360100828231905
おかしく	形容詞,自立,*,*,形容詞・イ段,連用テ接続,おかしい,オカシク,オカシク	0.000360100828231905
セリフ	名詞,一般,*,*,*,*,*,*,*,Wikipedia	0.000360100828231905
大戸屋	名詞,一般,*,*,*,*,*,*,*,Wikipedia	0.000360100828231905
デレ	名詞,一般,*,*,*,*,*,*,*,Wikipedia	0.000360100828231905
シネマ	名詞,一般,*,*,*,*,*,*,*,Wikipedia	0.000360100828231905
好きだから	名詞,一般,*,*,*,*,*,*,*,Wikipedia	0.000360100828231905
金曜日	名詞,一般,*,*,*,*,*,*,*,Wikipedia	0.000360100828231905
年休	名詞,一般,*,*,*,*,*,*,*,Wikipedia	0.000360100828231905
キンタロー	名詞,一般,*,*,*,*,*,*,*,Wikipedia	0.000360100828231905
ボール	名詞,一般,*,*,*,*,*,*,*,Wikipedia	0.000360100828231905
(^_^;	名詞,サ変接続,*,*,*,*,*	0.000360100828231905
前提	名詞,一般,*,*,*,*,*,*,*,Wikipedia	0.000360100828231905
堂本兄弟	名詞,一般,*,*,*,*,*,*,*,Wikipedia	0.000360100828231905
時間帯	名詞,一般,*,*,*,*,*,*,*,Wikipedia	0.000360100828231905
紫外線	名詞,一般,*,*,*,*,*,*,*,Wikipedia	0.000360100828231905
もっと	名詞,一般,*,*,*,*,*,*,*,Wikipedia	0.000360100828231905
サム	名詞,一般,*,*,*,*,*,*,*,Wikipedia	0.000360100828231905
特集	名詞,サ変接続,*,*,*,*,特集,トクシュウ,トクシュー	0.000360100828231905
っぷり	名詞,接尾,特殊,*,*,*,っぷり,ップリ,ップリ	0.000360100828231905
盆休み	名詞,一般,*,*,*,*,*,*,*,Wikipedia	0.000360100828231905
小鳩	名詞,固有名詞,人名,姓,*,*,小鳩,コバト,コバト	0.000360100828231905
安く	形容詞,自立,*,*,形容詞・アウオ段,連用テ接続,安い,ヤスク,ヤスク	0.000360100828231905
ドラゴン	名詞,一般,*,*,*,*,*,*,*,Wikipedia	0.000360100828231905
スキル	名詞,一般,*,*,*,*,*,*,*,Wikipedia	0.000360100828231905
安い	形容詞,自立,*,*,形容詞・アウオ段,基本形,安い,ヤスイ,ヤスイ	0.000360100828231905
ダイゴ	名詞,一般,*,*,*,*,*,*,*,Wikipedia	0.000360100828231905
駅前	名詞,一般,*,*,*,*,*,*,*,Wikipedia	0.000360100828231905
本社	名詞,一般,*,*,*,*,*,*,*,Wikipedia	0.000360100828231905
メシウマ	名詞,一般,*,*,*,*,*,*,*,Wikipedia	0.000360100828231905
感謝。	名詞,一般,*,*,*,*,*,*,*,Wikipedia	0.000360100828231905
番組	名詞,一般,*,*,*,*,*,*,*,Wikipedia	0.000360100828231905
ﾌﾞｰﾝ	名詞,一般,*,*,*,*,*	0.000360100828231905
環境	名詞,一般,*,*,*,*,*,*,*,Wikipedia	0.000360100828231905
ヨドバシカメラ	名詞,一般,*,*,*,*,*,*,*,Wikipedia	0.000360100828231905
お礼	名詞,サ変接続,*,*,*,*,お礼,オレイ,オレイ	0.000360100828231905
ヘル	名詞,一般,*,*,*,*,*,*,*,Wikipedia	0.000360100828231905
そこ	名詞,代名詞,一般,*,*,*,そこ,ソコ,ソコ	0.000360100828231905
緊張	名詞,一般,*,*,*,*,*,*,*,Wikipedia	0.000360100828231905
はず	名詞,非自立,一般,*,*,*,はず,ハズ,ハズ	0.000360100828231905
魔王	名詞,一般,*,*,*,*,*,*,*,Wikipedia	0.000360100828231905
大声	名詞,一般,*,*,*,*,大声,オオゴエ,オーゴエ	0.000360100828231905
一人前	名詞,一般,*,*,*,*,*,*,*,Wikipedia	0.000360100828231905
最終回	名詞,一般,*,*,*,*,*,*,*,Wikipedia	0.000360100828231905
並み	名詞,接尾,一般,*,*,*,並み,ナミ,ナミ	0.000360100828231905
トルコ料理	名詞,一般,*,*,*,*,*,*,*,Wikipedia	0.000360100828231905
榮倉奈々	名詞,一般,*,*,*,*,*,*,*,Wikipedia	0.000360100828231905
ナニコレ	名詞,一般,*,*,*,*,*,*,*,Wikipedia	0.000360100828231905
日本	名詞,一般,*,*,*,*,*,*,*,Wikipedia	0.000360100828231905
おじ	名詞,一般,*,*,*,*,*,*,*,Wikipedia	0.000360100828231905
さんしん	名詞,一般,*,*,*,*,*,*,*,Wikipedia	0.000360100828231905
サイボーグ	名詞,一般,*,*,*,*,*,*,*,Wikipedia	0.000360100828231905
体調	名詞,一般,*,*,*,*,体調,タイチョウ,タイチョー	0.000360100828231905
普段	名詞,副詞可能,*,*,*,*,普段,フダン,フダン	0.000360100828231905
検討	名詞,サ変接続,*,*,*,*,検討,ケントウ,ケントー	0.000360100828231905
モンゴル	名詞,一般,*,*,*,*,*,*,*,Wikipedia	0.000360100828231905
是非	名詞,サ変接続,*,*,*,*,是非,ゼヒ,ゼヒ	0.000360100828231905
ニート	名詞,一般,*,*,*,*,*,*,*,Wikipedia	0.000360100828231905
(；	名詞,サ変接続,*,*,*,*,*	0.000360100828231905
パス	名詞,一般,*,*,*,*,*,*,*,Wikipedia	0.000360100828231905
お持ち帰り	名詞,一般,*,*,*,*,*,*,*,Wikipedia	0.000360100828231905
ジャグ	名詞,一般,*,*,*,*,*	0.000360100828231905
きつい	形容詞,自立,*,*,形容詞・アウオ段,基本形,きつい,キツイ,キツイ	0.000360100828231905
･｀*)	名詞,サ変接続,*,*,*,*,*	0.000360100828231905
広告	名詞,一般,*,*,*,*,*,*,*,Wikipedia	0.000360100828231905
ハテブ	名詞,一般,*,*,*,*,*	0.000360100828231905
目撃	名詞,一般,*,*,*,*,*,*,*,Wikipedia	0.000360100828231905
。(	名詞,サ変接続,*,*,*,*,*	0.000360100828231905
最寄り	名詞,一般,*,*,*,*,最寄り,モヨリ,モヨリ	0.000360100828231905
微妙	名詞,形容動詞語幹,*,*,*,*,微妙,ビミョウ,ビミョー	0.000360100828231905
神経	名詞,一般,*,*,*,*,*,*,*,Wikipedia	0.000360100828231905
去年	名詞,副詞可能,*,*,*,*,去年,キョネン,キョネン	0.000360100828231905
多く	形容詞,自立,*,*,形容詞・アウオ段,連用テ接続,多い,オオク,オーク	0.000360100828231905
お土産	名詞,一般,*,*,*,*,*,*,*,Wikipedia	0.000360100828231905
暖かく	形容詞,自立,*,*,形容詞・アウオ段,連用テ接続,暖かい,アタタカク,アタタカク	0.000360100828231905
決着	名詞,サ変接続,*,*,*,*,決着,ケッチャク,ケッチャク	0.000360100828231905
チャーハン	名詞,一般,*,*,*,*,*,*,*,Wikipedia	0.000360100828231905
プアウーマン	名詞,一般,*,*,*,*,*,*,*,Wikipedia	0.000360100828231905
ソレ	名詞,一般,*,*,*,*,*,*,*,Wikipedia	0.000360100828231905
りん	名詞,一般,*,*,*,*,*,*,*,Wikipedia	0.000360100828231905
ガリバー	名詞,一般,*,*,*,*,*,*,*,Wikipedia	0.000360100828231905
ちゃ	名詞,一般,*,*,*,*,*,*,*,Wikipedia	0.000360100828231905
兆し	名詞,一般,*,*,*,*,兆し,キザシ,キザシ	0.000360100828231905
しろ	名詞,一般,*,*,*,*,*,*,*,Wikipedia	0.000360100828231905
まし	名詞,形容動詞語幹,*,*,*,*,まし,マシ,マシ	0.000360100828231905
メガネ	名詞,一般,*,*,*,*,*,*,*,Wikipedia	0.000360100828231905
おやすみなさい	名詞,一般,*,*,*,*,*,*,*,Wikipedia	0.000360100828231905
洋画	名詞,一般,*,*,*,*,*,*,*,Wikipedia	0.000360100828231905
専攻	名詞,一般,*,*,*,*,*,*,*,Wikipedia	0.000360100828231905
はり	名詞,一般,*,*,*,*,*,*,*,Wikipedia	0.000360100828231905
ロッカー	名詞,一般,*,*,*,*,*,*,*,Wikipedia	0.000360100828231905
遅く	形容詞,自立,*,*,形容詞・アウオ段,連用テ接続,遅い,オソク,オソク	0.000360100828231905
パーマ	名詞,一般,*,*,*,*,*,*,*,Wikipedia	0.000360100828231905
ネタバレ	名詞,一般,*,*,*,*,*,*,*,Wikipedia	0.000360100828231905
かも	名詞,一般,*,*,*,*,かも,カモ,カモ	0.000360100828231905
保存	名詞,一般,*,*,*,*,*,*,*,Wikipedia	0.000360100828231905
マフラー	名詞,一般,*,*,*,*,*,*,*,Wikipedia	0.000360100828231905
暑かっ	形容詞,自立,*,*,形容詞・アウオ段,連用タ接続,暑い,アツカッ,アツカッ	0.000360100828231905
我慢	名詞,一般,*,*,*,*,*,*,*,Wikipedia	0.000360100828231905
リーズナブル	名詞,形容動詞語幹,*,*,*,*,リーズナブル,リーズナブル,リーズナブル	0.000360100828231905
ちー	名詞,一般,*,*,*,*,*,*,*,Wikipedia	0.000360100828231905
パイ	名詞,一般,*,*,*,*,*,*,*,Wikipedia	0.000360100828231905
いただきます	名詞,一般,*,*,*,*,*,*,*,Wikipedia	0.000360100828231905
限界	名詞,一般,*,*,*,*,*,*,*,Wikipedia	0.000360100828231905
かもしか	名詞,一般,*,*,*,*,*,*,*,Wikipedia	0.000360100828231905
大人しく	形容詞,自立,*,*,形容詞・イ段,連用テ接続,大人しい,オトナシク,オトナシク	0.000360100828231905
ノボ	名詞,一般,*,*,*,*,*,*,*,Wikipedia	0.000360100828231905
手軽	名詞,形容動詞語幹,*,*,*,*,手軽,テガル,テガル	0.000360100828231905
おかず	名詞,一般,*,*,*,*,*,*,*,Wikipedia	0.000360100828231905
地味	名詞,形容動詞語幹,*,*,*,*,地味,ジミ,ジミ	0.000360100828231905
っぽく	形容詞,接尾,*,*,形容詞・アウオ段,連用テ接続,っぽい,ッポク,ッポク	0.000360100828231905
不安定	名詞,一般,*,*,*,*,*,*,*,Wikipedia	0.000360100828231905
レイン	名詞,一般,*,*,*,*,*,*,*,Wikipedia	0.000360100828231905
早かっ	形容詞,自立,*,*,形容詞・アウオ段,連用タ接続,早い,ハヤカッ,ハヤカッ	0.000360100828231905
離島	名詞,一般,*,*,*,*,*,*,*,Wikipedia	0.000360100828231905
懐かしかっ	形容詞,自立,*,*,形容詞・イ段,連用タ接続,懐かしい,ナツカシカッ,ナツカシカッ	0.000360100828231905
ポルノグラフィティ	名詞,一般,*,*,*,*,*,*,*,Wikipedia	0.000360100828231905
ばす	名詞,一般,*,*,*,*,*,*,*,Wikipedia	0.000360100828231905
合格	名詞,一般,*,*,*,*,*,*,*,Wikipedia	0.000360100828231905
池上	名詞,一般,*,*,*,*,*,*,*,Wikipedia	0.000360100828231905
よろしく	形容詞,自立,*,*,形容詞・イ段,連用テ接続,よろしい,ヨロシク,ヨロシク	0.000360100828231905
づくし	名詞,接尾,一般,*,*,*,づくし,ヅクシ,ズクシ	0.000360100828231905
周辺機器	名詞,一般,*,*,*,*,*,*,*,Wikipedia	0.000360100828231905
おさらば	名詞,一般,*,*,*,*,*,*,*,Wikipedia	0.000360100828231905
とし	名詞,一般,*,*,*,*,*,*,*,Wikipedia	0.000360100828231905
チェックアウト	名詞,一般,*,*,*,*,*,*,*,Wikipedia	0.000360100828231905
焼肉のたれ	名詞,一般,*,*,*,*,*,*,*,Wikipedia	0.000360100828231905
内地	名詞,一般,*,*,*,*,*,*,*,Wikipedia	0.000360100828231905
運動	名詞,一般,*,*,*,*,*,*,*,Wikipedia	0.000360100828231905
誤解	名詞,一般,*,*,*,*,*,*,*,Wikipedia	0.000360100828231905
発揮	名詞,サ変接続,*,*,*,*,発揮,ハッキ,ハッキ	0.000360100828231905
チケット	名詞,一般,*,*,*,*,*,*,*,Wikipedia	0.000360100828231905
給料日	名詞,一般,*,*,*,*,*,*,*,Wikipedia	0.000360100828231905
眠く	形容詞,自立,*,*,形容詞・アウオ段,連用テ接続,眠い,ネムク,ネムク	0.000360100828231905
ジャグジー	名詞,一般,*,*,*,*,*,*,*,Wikipedia	0.000360100828231905
ナイス	名詞,一般,*,*,*,*,*,*,*,Wikipedia	0.000360100828231905
だめ	名詞,形容動詞語幹,*,*,*,*,だめ,ダメ,ダメ	0.000360100828231905
プーチン大統領	名詞,一般,*,*,*,*,*,*,*,Wikipedia	0.000360100828231905
アホ	名詞,一般,*,*,*,*,*,*,*,Wikipedia	0.000360100828231905
碧眼	名詞,一般,*,*,*,*,*,*,*,Wikipedia	0.000360100828231905
ベッキ	名詞,一般,*,*,*,*,*	0.000360100828231905
北谷	名詞,一般,*,*,*,*,*,*,*,Wikipedia	0.000360100828231905
恐ろし	形容詞,自立,*,*,形容詞・イ段,ガル接続,恐ろしい,オソロシ,オソロシ	0.000360100828231905
エロサイト	名詞,一般,*,*,*,*,*,*,*,Wikipedia	0.000360100828231905
うち	名詞,非自立,副詞可能,*,*,*,うち,ウチ,ウチ	0.000360100828231905
勘弁	名詞,サ変接続,*,*,*,*,勘弁,カンベン,カンベン	0.000360100828231905
与那原	名詞,固有名詞,地域,一般,*,*,与那原,ヨナバル,ヨナバル	0.000360100828231905
ﾆﾔﾘ	名詞,一般,*,*,*,*,*	0.000360100828231905
褒美	名詞,一般,*,*,*,*,褒美,ホウビ,ホービ	0.000360100828231905
寂しい	形容詞,自立,*,*,形容詞・イ段,基本形,寂しい,サビシイ,サビシイ	0.000360100828231905
まい	名詞,一般,*,*,*,*,*,*,*,Wikipedia	0.000360100828231905
今後	名詞,副詞可能,*,*,*,*,今後,コンゴ,コンゴ	0.000360100828231905
午前中	名詞,一般,*,*,*,*,*,*,*,Wikipedia	0.000360100828231905
味覚	名詞,一般,*,*,*,*,*,*,*,Wikipedia	0.000360100828231905
親戚	名詞,一般,*,*,*,*,*,*,*,Wikipedia	0.000360100828231905
軽く	形容詞,自立,*,*,形容詞・アウオ段,連用テ接続,軽い,カルク,カルク	0.000360100828231905
布団	名詞,一般,*,*,*,*,*,*,*,Wikipedia	0.000360100828231905
気味悪い	形容詞,自立,*,*,形容詞・アウオ段,基本形,気味悪い,キミワルイ,キミワルイ	0.000360100828231905
勝負	名詞,サ変接続,*,*,*,*,勝負,ショウブ,ショーブ	0.000360100828231905
浜崎あゆみ	名詞,一般,*,*,*,*,*,*,*,Wikipedia	0.000360100828231905
くし	名詞,一般,*,*,*,*,*,*,*,Wikipedia	0.000360100828231905
抜き	名詞,一般,*,*,*,*,抜き,ヌキ,ヌキ	0.000360100828231905
暑く	形容詞,自立,*,*,形容詞・アウオ段,連用テ接続,暑い,アツク,アツク	0.000360100828231905
犠牲フライ	名詞,一般,*,*,*,*,*,*,*,Wikipedia	0.000360100828231905
ダサい	名詞,一般,*,*,*,*,*,*,*,Wikipedia	0.000360100828231905
口座	名詞,一般,*,*,*,*,*,*,*,Wikipedia	0.000360100828231905
角川	名詞,一般,*,*,*,*,*,*,*,Wikipedia	0.000360100828231905
れい	名詞,一般,*,*,*,*,*,*,*,Wikipedia	0.000360100828231905
マスク	名詞,一般,*,*,*,*,*,*,*,Wikipedia	0.000360100828231905
うず	名詞,一般,*,*,*,*,*,*,*,Wikipedia	0.000360100828231905
美しい	名詞,一般,*,*,*,*,*,*,*,Wikipedia	0.000360100828231905
(｀	名詞,サ変接続,*,*,*,*,*	0.000360100828231905
ちゃんと	名詞,一般,*,*,*,*,*,*,*,Wikipedia	0.000360100828231905
もと	名詞,一般,*,*,*,*,もと,モト,モト	0.000360100828231905
御坂	名詞,固有名詞,人名,姓,*,*,御坂,ミサカ,ミサカ	0.000360100828231905
全速力	名詞,一般,*,*,*,*,全速力,ゼンソクリョク,ゼンソクリョク	0.000360100828231905
希望	名詞,一般,*,*,*,*,*,*,*,Wikipedia	0.000360100828231905
電撃姫	名詞,一般,*,*,*,*,*,*,*,Wikipedia	0.000360100828231905
マイク	名詞,一般,*,*,*,*,*,*,*,Wikipedia	0.000360100828231905
感覚	名詞,一般,*,*,*,*,*,*,*,Wikipedia	0.000360100828231905
しま	名詞,一般,*,*,*,*,*,*,*,Wikipedia	0.000360100828231905
統一	名詞,一般,*,*,*,*,*,*,*,Wikipedia	0.000360100828231905
期間	名詞,一般,*,*,*,*,*,*,*,Wikipedia	0.000360100828231905
限定	名詞,一般,*,*,*,*,*,*,*,Wikipedia	0.000360100828231905
ムカ	名詞,一般,*,*,*,*,*	0.000360100828231905
前菜	名詞,一般,*,*,*,*,*,*,*,Wikipedia	0.000360100828231905
美味かっ	形容詞,自立,*,*,形容詞・アウオ段,連用タ接続,美味い,ウマカッ,ウマカッ	0.000360100828231905
ロングスカート	名詞,一般,*,*,*,*,*,*,*,Wikipedia	0.000360100828231905
事務	名詞,一般,*,*,*,*,*,*,*,Wikipedia	0.000360100828231905
駅中	名詞,一般,*,*,*,*,*,*,*,Wikipedia	0.000360100828231905
証明	名詞,一般,*,*,*,*,*,*,*,Wikipedia	0.000360100828231905
